<?xml version="1.0" encoding="utf-8"?><testsuites name="pytest tests"><testsuite name="pytest" errors="0" failures="0" skipped="0" tests="15" time="5.264" timestamp="2026-08-27T12:09:32.709558+00:00" hostname="agent-env-2acde1de-dbd2-4e99-9a56-702ded689377"><testcase classname="tests.test_warehouse_cascade.TestProductsFilter" name="test_filter_category" time="0.784" /><testcase classname="tests.test_warehouse_cascade.TestProductsFilter" name="test_filter_category_and_subcategory" time="0.137" /><testcase classname="tests.test_warehouse_cascade.TestProductsFilter" name="test_no_filter_returns_all" time="0.170" /><testcase classname="tests.test_warehouse_cascade.TestCascadePersistence" name="test_aisle_and_rack_cascade_returned_in_tree" time="0.999" /><testcase classname="tests.test_warehouse_cascade.TestCascadePersistence" name="test_zone_shelf_bin_have_no_cascade_fields" time="0.144" /><testcase classname="tests.test_warehouse_cascade.TestCascadePersistence" name="test_patch_updates_cascade" time="0.160" /><testcase classname="tests.test_warehouse_cascade.TestCascadeValidation" name="test_subcategory_without_category_returns_400" time="0.159" /><testcase classname="tests.test_warehouse_cascade.TestCascadeValidation" name="test_unknown_category_returns_400" time="0.143" /><testcase classname="tests.test_warehouse_cascade.TestCascadeValidation" name="test_unknown_subcategory_returns_400" time="0.153" /><testcase classname="tests.test_warehouse_cascade.TestCascadeValidation" name="test_subcategory_mismatch_returns_invalid_cascade" time="0.144" /><testcase classname="tests.test_warehouse_cascade.TestCascadeValidation" name="test_rack_category_mismatch_parent_aisle_returns_invalid_cascade" time="0.156" /><testcase classname="tests.test_warehouse_cascade.TestLocationAssignment" name="test_matching_product_accepted" time="0.317" /><testcase classname="tests.test_warehouse_cascade.TestLocationAssignment" name="test_mismatched_product_rejected_invalid_cascade" time="0.300" /><testcase classname="tests.test_warehouse_cascade.TestLocationAssignment" name="test_untagged_aisle_rack_still_accepts_any_product" time="1.182" /><testcase classname="tests.test_warehouse_cascade.TestDarkstoreIsolation" name="test_foreign_warehouse_returns_404" time="0.253" /></testsuite></testsuites>