<?xml version="1.0" encoding="utf-8"?><testsuites name="pytest tests"><testsuite name="pytest" errors="0" failures="1" skipped="0" tests="10" time="3.523" timestamp="2026-08-13T13:01:52.248168+00:00" hostname="agent-env-2acde1de-dbd2-4e99-9a56-702ded689377"><testcase classname="tests.test_catalog_phase1_and_category_requests.TestProductExtendedFields" name="test_create_product_with_all_phase1_fields" time="1.334" /><testcase classname="tests.test_catalog_phase1_and_category_requests.TestCategoryRequests" name="test_partner_submit_request" time="0.986" /><testcase classname="tests.test_catalog_phase1_and_category_requests.TestCategoryRequests" name="test_sa_pending_bucket_shows_request" time="0.509" /><testcase classname="tests.test_catalog_phase1_and_category_requests.TestProductExtendedFields" name="test_tax_pct_150_rejected" time="0.145" /><testcase classname="tests.test_catalog_phase1_and_category_requests.TestProductExtendedFields" name="test_list_products_existing_still_works" time="0.136" /><testcase classname="tests.test_catalog_phase1_and_category_requests.TestCategoryRequests" name="test_sa_approve_creates_category" time="0.954" /><testcase classname="tests.test_catalog_phase1_and_category_requests.TestInventorySanity" name="test_admin_inventory_kpis" time="0.172" /><testcase classname="tests.test_catalog_phase1_and_category_requests.TestInventorySanity" name="test_partner_inventory_list" time="0.598" /><testcase classname="tests.test_catalog_phase1_and_category_requests.TestCategoryRequests" name="test_sa_reject_without_notes_400_with_notes_200" time="0.526" /><testcase classname="tests.test_catalog_phase1_and_category_requests" name="test_reservation_race_last_unit_invariant" time="0.000"><failure message="Failed: async def functions are not natively supported.&#10;You need to install a suitable plugin for your async framework, for example:&#10;  - anyio&#10;  - pytest-asyncio&#10;  - pytest-tornasync&#10;  - pytest-trio&#10;  - pytest-twisted">async def functions are not natively supported.
You need to install a suitable plugin for your async framework, for example:
  - anyio
  - pytest-asyncio
  - pytest-tornasync
  - pytest-trio
  - pytest-twisted</failure></testcase></testsuite></testsuites>