<?xml version="1.0" encoding="utf-8"?><testsuites name="pytest tests"><testsuite name="pytest" errors="0" failures="0" skipped="0" tests="13" time="3.538" timestamp="2026-07-24T09:12:26.495274+00:00" hostname="agent-env-2acde1de-dbd2-4e99-9a56-702ded689377"><testcase classname="tests.test_express_pricing_admin.TestPricingGet" name="test_get_ci_pricing_returns_all_5_vehicles" time="0.788" /><testcase classname="tests.test_express_pricing_admin.TestPatchParcelRule" name="test_patch_ci_bike_updates_base_fare_and_multiplier" time="0.973" /><testcase classname="tests.test_express_pricing_admin.TestPricingGet" name="test_get_lr_pricing" time="0.093" /><testcase classname="tests.test_express_pricing_admin.TestPricingGet" name="test_get_unsupported_country_returns_404" time="0.148" /><testcase classname="tests.test_express_pricing_admin.TestPatchParcelRule" name="test_patch_propagates_to_live_quote" time="0.198" /><testcase classname="tests.test_express_pricing_admin.TestPricingGet" name="test_get_without_auth_returns_401" time="0.096" /><testcase classname="tests.test_express_pricing_admin.TestPatchMovers" name="test_patch_ci_movers" time="0.096" /><testcase classname="tests.test_express_pricing_admin.TestPatchParcelRule" name="test_patch_unknown_field_silently_dropped" time="0.201" /><testcase classname="tests.test_express_pricing_admin.TestPatchMovers" name="test_patch_movers_without_auth_returns_401" time="0.095" /><testcase classname="tests.test_express_pricing_admin.TestPatchMovers" name="test_patch_movers_empty_returns_400" time="0.111" /><testcase classname="tests.test_express_pricing_admin.TestPatchParcelRule" name="test_patch_nonexistent_vehicle_returns_404" time="0.099" /><testcase classname="tests.test_express_pricing_admin.TestAuditLog" name="test_patch_writes_audit_log" time="1.550" /><testcase classname="tests.test_express_pricing_admin.TestPatchParcelRule" name="test_patch_without_auth_returns_401" time="1.509" /></testsuite></testsuites>