<?xml version="1.0" encoding="utf-8"?><testsuites name="pytest tests"><testsuite name="pytest" errors="0" failures="0" skipped="0" tests="9" time="2.665" timestamp="2026-08-24T13:56:09.995906+00:00" hostname="agent-env-2acde1de-dbd2-4e99-9a56-702ded689377"><testcase classname="tests.test_homepage_cms.TestPublicHomepage" name="test_get_homepage_ci" time="0.412" /><testcase classname="tests.test_homepage_cms.TestUploads" name="test_upload_requires_auth" time="0.344" /><testcase classname="tests.test_homepage_cms.TestPublicHomepage" name="test_get_homepage_in" time="0.181" /><testcase classname="tests.test_homepage_cms.TestPublicHomepage" name="test_missing_country_400" time="0.159" /><testcase classname="tests.test_homepage_cms.TestUploads" name="test_upload_rejects_non_image" time="0.643" /><testcase classname="tests.test_homepage_cms.TestUploads" name="test_upload_and_serve_image" time="0.881" /><testcase classname="tests.test_homepage_cms.TestSectionCRUD" name="test_create_update_delete_section" time="1.148" /><testcase classname="tests.test_homepage_cms.TestAdminList" name="test_admin_list_requires_auth" time="0.220" /><testcase classname="tests.test_homepage_cms.TestAdminList" name="test_admin_list_ci" time="0.153" /></testsuite></testsuites>