<?xml version="1.0" encoding="utf-8"?><testsuites name="pytest tests"><testsuite name="pytest" errors="0" failures="0" skipped="0" tests="9" time="1.529" timestamp="2026-08-19T11:09:23.881393+00:00" hostname="agent-env-2acde1de-dbd2-4e99-9a56-702ded689377"><testcase classname="tests.test_india_pincode_and_countries.TestCountriesConfig" name="test_countries_returns_only_ci_and_in" time="0.385" /><testcase classname="tests.test_india_pincode_and_countries.TestINServiceability" name="test_allowlisted_pincodes_are_serviceable[201301]" time="0.291" /><testcase classname="tests.test_india_pincode_and_countries.TestINServiceability" name="test_allowlisted_pincodes_are_serviceable[201305]" time="0.119" /><testcase classname="tests.test_india_pincode_and_countries.TestCIServiceability" name="test_ci_cocody_still_serviceable_via_hub" time="0.125" /><testcase classname="tests.test_india_pincode_and_countries.TestINServiceability" name="test_allowlisted_pincodes_are_serviceable[201310]" time="0.156" /><testcase classname="tests.test_india_pincode_and_countries.TestLegacyLRSafety" name="test_admin_suppliers_lr_filter_no_500" time="0.474" /><testcase classname="tests.test_india_pincode_and_countries.TestINServiceability" name="test_allowlisted_pincodes_are_serviceable[201318]" time="0.305" /><testcase classname="tests.test_india_pincode_and_countries.TestINServiceability" name="test_non_ncr_pincode_falls_back_and_is_not_serviceable" time="0.151" /><testcase classname="tests.test_india_pincode_and_countries.TestINServiceability" name="test_in_without_postal_falls_back_to_hub_check" time="0.120" /></testsuite></testsuites>