<?xml version="1.0" encoding="utf-8"?><testsuites name="pytest tests"><testsuite name="pytest" errors="0" failures="0" skipped="0" tests="24" time="5.075" timestamp="2026-08-12T13:00:56.279627+00:00" hostname="agent-env-2acde1de-dbd2-4e99-9a56-702ded689377"><testcase classname="tests.test_inventory_ops_batch12.TestReceiving" name="test_dashboard_kpis" time="0.824" /><testcase classname="tests.test_inventory_ops_batch12.TestControlTower" name="test_kpis" time="0.966" /><testcase classname="tests.test_inventory_ops_batch12.TestControlTower" name="test_overview" time="0.134" /><testcase classname="tests.test_inventory_ops_batch12.TestReceiving" name="test_create_receipt" time="0.481" /><testcase classname="tests.test_inventory_ops_batch12.TestControlTower" name="test_overview_search" time="0.198" /><testcase classname="tests.test_inventory_ops_batch12.TestControlTower" name="test_overview_stock_status_filter" time="0.128" /><testcase classname="tests.test_inventory_ops_batch12.TestReceiving" name="test_verify_receipt" time="0.197" /><testcase classname="tests.test_inventory_ops_batch12.TestControlTower" name="test_sku_drilldown" time="0.277" /><testcase classname="tests.test_inventory_ops_batch12.TestReceiving" name="test_verify_twice_conflict" time="0.132" /><testcase classname="tests.test_inventory_ops_batch12.TestReceiving" name="test_put_away_over_conflict" time="0.124" /><testcase classname="tests.test_inventory_ops_batch12.TestControlTower" name="test_stores" time="0.143" /><testcase classname="tests.test_inventory_ops_batch12.TestReceiving" name="test_put_away_success" time="0.274" /><testcase classname="tests.test_inventory_ops_batch12.TestControlTower" name="test_store_detail" time="0.278" /><testcase classname="tests.test_inventory_ops_batch12.TestReceiving" name="test_cancel_completed_conflict" time="0.117" /><testcase classname="tests.test_inventory_ops_batch12.TestControlTower" name="test_low_and_oos" time="0.257" /><testcase classname="tests.test_inventory_ops_batch12.TestReceiving" name="test_cancel_receipt_with_putaway_conflict" time="0.567" /><testcase classname="tests.test_inventory_ops_batch12.TestControlTower" name="test_movements" time="0.118" /><testcase classname="tests.test_inventory_ops_batch12.TestStockCounts" name="test_create_full_count" time="0.178" /><testcase classname="tests.test_inventory_ops_batch12.TestStockCounts" name="test_apply_before_reconcile_conflict" time="0.135" /><testcase classname="tests.test_inventory_ops_batch12.TestStockCounts" name="test_record_variance" time="0.221" /><testcase classname="tests.test_inventory_ops_batch12.TestStockCounts" name="test_apply" time="0.142" /><testcase classname="tests.test_inventory_ops_batch12.TestStockCounts" name="test_movement_appears_in_network_ledger" time="0.507" /><testcase classname="tests.test_inventory_ops_batch12.TestStockCounts" name="test_apply_again_conflict" time="0.120" /><testcase classname="tests.test_inventory_ops_batch12.TestStockCounts" name="test_never_negative" time="0.521" /></testsuite></testsuites>