<?xml version="1.0" encoding="utf-8"?><testsuites name="pytest tests"><testsuite name="pytest" errors="0" failures="0" skipped="0" tests="10" time="8.087" timestamp="2026-09-01T08:38:27.488427+00:00" hostname="agent-env-2acde1de-dbd2-4e99-9a56-702ded689377"><testcase classname="tests.test_shopbaked_fixes_iter71.TestShopHomepageSections" name="test_public_homepage_shop_returns_only_enabled" time="0.651" /><testcase classname="tests.test_shopbaked_fixes_iter71.TestShopHomepageSections" name="test_admin_can_create_and_toggle_banner_trio" time="1.169" /><testcase classname="tests.test_shopbaked_fixes_iter71.TestShopHomepageSections" name="test_reorder_changes_visible_order" time="0.881" /><testcase classname="tests.test_shopbaked_fixes_iter71.TestGlobalCartPermutations" name="test_shop_first_then_mart_both_persist" time="3.363" /><testcase classname="tests.test_shopbaked_fixes_iter71.TestHomepageImageUpload" name="test_upload_returns_relative_url_and_serves_bytes" time="0.283" /><testcase classname="tests.test_shopbaked_fixes_iter71.TestHomepageImageUpload" name="test_uploaded_url_usable_in_section_config" time="0.559" /><testcase classname="tests.test_shopbaked_fixes_iter71.TestGlobalCartPermutations" name="test_mart_first_then_shop_both_persist" time="1.089" /><testcase classname="tests.test_shopbaked_fixes_iter71.TestGlobalCartPermutations" name="test_remove_shop_keeps_mart" time="1.251" /><testcase classname="tests.test_shopbaked_fixes_iter71.TestGlobalCartPermutations" name="test_remove_mart_keeps_shop" time="1.175" /><testcase classname="tests.test_shopbaked_fixes_iter71.TestGlobalCartPermutations" name="test_hard_refresh_persistence" time="0.849" /></testsuite></testsuites>