<?xml version="1.0" encoding="utf-8"?><testsuites name="pytest tests"><testsuite name="pytest" errors="0" failures="0" skipped="0" tests="9" time="3.979" timestamp="2026-08-27T18:31:43.107495+00:00" hostname="agent-env-2acde1de-dbd2-4e99-9a56-702ded689377"><testcase classname="tests.test_supplier_centric_workflow.TestSupplierDetail" name="test_snapshot" time="0.708" /><testcase classname="tests.test_supplier_centric_workflow.TestSupplierDetail" name="test_snapshot_404" time="0.180" /><testcase classname="tests.test_supplier_centric_workflow.TestSupplierDetail" name="test_snapshot_requires_admin" time="0.175" /><testcase classname="tests.test_supplier_centric_workflow.TestBulkActions" name="test_bulk_reject" time="1.931" /><testcase classname="tests.test_supplier_centric_workflow.TestSupplierProducts" name="test_empty_ok" time="0.220" /><testcase classname="tests.test_supplier_centric_workflow.TestSupplierProducts" name="test_seed_and_list" time="1.573" /><testcase classname="tests.test_supplier_centric_workflow.TestBulkActions" name="test_bulk_approve" time="0.915" /><testcase classname="tests.test_supplier_centric_workflow.TestBulkActions" name="test_bulk_reject_skips_non_pending" time="0.749" /><testcase classname="tests.test_supplier_centric_workflow.TestHomepageCategoryFilter" name="test_products_scoped_to_category" time="0.785" /></testsuite></testsuites>