<?xml version="1.0" encoding="utf-8"?><testsuites name="pytest tests"><testsuite name="pytest" errors="0" failures="0" skipped="0" tests="3" time="5.001" timestamp="2026-09-01T08:56:52.048265+00:00" hostname="agent-env-2acde1de-dbd2-4e99-9a56-702ded689377"><testcase classname="tests.test_orders_merge_iter72.TestShopOrdersMeContract" name="test_shop_orders_me_returns_items_wrapper" time="2.689" /><testcase classname="tests.test_orders_merge_iter72.TestMergedOrdersView" name="test_customer_has_both_mart_and_shop_orders" time="3.597" /><testcase classname="tests.test_orders_merge_iter72.TestMergedOrdersView" name="test_shop_only_customer_still_sees_shop_orders" time="1.096" /></testsuite></testsuites>