<?xml version="1.0" encoding="utf-8"?><testsuites name="pytest tests"><testsuite name="pytest" errors="0" failures="0" skipped="0" tests="3" time="6.386" timestamp="2026-09-01T08:37:08.945692+00:00" hostname="agent-env-2acde1de-dbd2-4e99-9a56-702ded689377"><testcase classname="tests.test_mixed_cart_iter69.TestCartIndependence" name="test_mart_and_shop_carts_are_independent" time="3.654" /><testcase classname="tests.test_mixed_cart_iter69.TestMixedCheckout" name="test_dual_checkout_creates_both_orders" time="4.878" /><testcase classname="tests.test_mixed_cart_iter69.TestMixedCheckout" name="test_shop_only_checkout_still_routes_to_shop" time="1.153" /></testsuite></testsuites>