<?xml version="1.0" encoding="utf-8"?><testsuites name="pytest tests"><testsuite name="pytest" errors="0" failures="0" skipped="0" tests="12" time="1.046" timestamp="2026-07-30T10:18:46.965100+00:00" hostname="agent-env-2acde1de-dbd2-4e99-9a56-702ded689377"><testcase classname="tests.test_pg_migration_seed.TestSeedData" name="test_countries" time="0.214" /><testcase classname="tests.test_pg_migration_seed.TestServiceability" name="test_serviceable_ci_abidjan" time="0.168" /><testcase classname="tests.test_pg_migration_seed.TestServiceability" name="test_unsupported_country_not_500" time="0.050" /><testcase classname="tests.test_pg_migration_seed.TestSeedData" name="test_express_vehicles_ci" time="0.051" /><testcase classname="tests.test_pg_migration_seed.TestServiceability" name="test_far_out_point_returns_false_not_500" time="0.068" /><testcase classname="tests.test_pg_migration_seed.TestSeedData" name="test_mart_categories" time="0.049" /><testcase classname="tests.test_pg_migration_seed.TestRowCountsBestEffort" name="test_countries_count_exact" time="0.088" /><testcase classname="tests.test_pg_migration_seed.TestSeedData" name="test_mart_offers" time="0.048" /><testcase classname="tests.test_pg_migration_seed.TestSeedData" name="test_express_vehicles_lr" time="0.045" /><testcase classname="tests.test_pg_migration_seed.TestRowCountsBestEffort" name="test_express_vehicles_total" time="0.100" /><testcase classname="tests.test_pg_migration_seed.TestHealth" name="test_health_ok" time="0.044" /><testcase classname="tests.test_pg_migration_seed.TestRowCountsBestEffort" name="test_mart_categories_total" time="0.091" /></testsuite></testsuites>