<?xml version="1.0" encoding="utf-8"?><testsuites name="pytest tests"><testsuite name="pytest" errors="0" failures="0" skipped="0" tests="3" time="1.318" timestamp="2026-08-24T09:51:53.830625+00:00" hostname="agent-env-2acde1de-dbd2-4e99-9a56-702ded689377"><testcase classname="tests.test_checkout_address_picker_iter55.TestCheckoutAddressPicker" name="test_post_address_persists_all_places_fields" time="0.636" /><testcase classname="tests.test_checkout_address_picker_iter55.TestCheckoutAddressPicker" name="test_post_address_minimal_line1_only_still_ok" time="0.140" /><testcase classname="tests.test_checkout_address_picker_iter55.TestCheckoutAddressPicker" name="test_serviceability_at_picked_coords" time="0.203" /></testsuite></testsuites>