<?xml version="1.0" encoding="utf-8"?><testsuites name="pytest tests"><testsuite name="pytest" errors="0" failures="0" skipped="0" tests="11" time="2.292" timestamp="2026-08-26T08:14:01.044941+00:00" hostname="agent-env-2acde1de-dbd2-4e99-9a56-702ded689377"><testcase classname="tests.test_driver_auth_email_google.TestEmailRegister" name="test_register_happy" time="0.384" /><testcase classname="tests.test_driver_auth_email_google.TestEmailRegister" name="test_register_duplicate_409" time="0.130" /><testcase classname="tests.test_driver_auth_email_google.TestEmailRegister" name="test_register_short_password_422" time="0.125" /><testcase classname="tests.test_driver_auth_email_google.TestEmailRegister" name="test_register_bad_email_422" time="0.125" /><testcase classname="tests.test_driver_auth_email_google.TestEmailLogin" name="test_login_happy" time="0.339" /><testcase classname="tests.test_driver_auth_email_google.TestEmailLogin" name="test_login_wrong_password_401" time="0.337" /><testcase classname="tests.test_driver_auth_email_google.TestEmailLogin" name="test_login_unknown_email_401" time="0.125" /><testcase classname="tests.test_driver_auth_email_google.TestGoogleVerify" name="test_bogus_code_returns_401" time="0.183" /><testcase classname="tests.test_driver_auth_email_google.TestOtpRegression" name="test_request_and_verify_otp" time="0.207" /><testcase classname="tests.test_driver_auth_email_google.TestDriverMe" name="test_me_with_email_token" time="0.108" /><testcase classname="tests.test_driver_auth_email_google.TestSchemaMigration0030" name="test_columns_exist" time="0.177" /></testsuite></testsuites>