<?xml version="1.0" encoding="utf-8"?><testsuites name="pytest tests"><testsuite name="pytest" errors="0" failures="0" skipped="1" tests="11" time="4.414" timestamp="2026-09-01T12:33:41.578233+00:00" hostname="agent-env-2acde1de-dbd2-4e99-9a56-702ded689377"><testcase classname="tests.test_shop_delivery_pin_sms_iter74.TestDevSmsPath" name="test_response_has_delivery_pin_sms_shape" time="2.451" /><testcase classname="tests.test_shop_delivery_pin_sms_iter74.TestDevSmsPath" name="test_dev_provider_reports_delivered" time="0.000" /><testcase classname="tests.test_shop_delivery_pin_sms_iter74.TestDevSmsPath" name="test_phone_is_valid_e164" time="0.000"><skipped type="pytest.xfail" message="phone stored as '+CI2250700...' instead of '+225070...' — see report" /></testcase><testcase classname="tests.test_shop_delivery_pin_sms_iter74.TestDevSmsPath" name="test_backend_log_contains_pin_in_body" time="0.503" /><testcase classname="tests.test_shop_delivery_pin_sms_iter74.TestNoPhoneCustomer" name="test_no_phone_still_returns_201_with_pin" time="2.593" /><testcase classname="tests.test_shop_delivery_pin_sms_iter74.TestNoPhoneCustomer" name="test_no_phone_sms_attempted_false" time="0.000" /><testcase classname="tests.test_shop_delivery_pin_sms_iter74.TestSellerStillHidesPin" name="test_portal_list_omits_pin" time="0.877" /><testcase classname="tests.test_shop_delivery_pin_sms_iter74.TestSellerStillHidesPin" name="test_portal_detail_omits_pin" time="0.222" /><testcase classname="tests.test_shop_delivery_pin_sms_iter74.TestTwilioUnconfigured" name="test_provider_unconfigured_returns_delivered_false" time="0.001" /><testcase classname="tests.test_shop_delivery_pin_sms_iter74.TestCustomerPinExposureRegression" name="test_orders_me_exposes_pin" time="0.941" /><testcase classname="tests.test_shop_delivery_pin_sms_iter74.TestCustomerPinExposureRegression" name="test_order_detail_exposes_pin" time="0.160" /></testsuite></testsuites>