<?xml version="1.0" encoding="utf-8"?><testsuites name="pytest tests"><testsuite name="pytest" errors="0" failures="0" skipped="0" tests="10" time="1.639" timestamp="2026-08-24T08:58:02.294293+00:00" hostname="agent-env-2acde1de-dbd2-4e99-9a56-702ded689377"><testcase classname="tests.test_driver_applications.TestAdminDriverList" name="test_list_returns_items_and_buckets" time="0.497" /><testcase classname="tests.test_driver_applications.TestAdminDriverActions" name="test_cannot_approve_onboarding" time="0.579" /><testcase classname="tests.test_driver_applications.TestAdminDriverList" name="test_filter_by_status_pending_review" time="0.063" /><testcase classname="tests.test_driver_applications.TestAdminDriverList" name="test_filter_by_country_IN" time="0.048" /><testcase classname="tests.test_driver_applications.TestAdminDriverActions" name="test_cannot_reject_onboarding" time="0.061" /><testcase classname="tests.test_driver_applications.TestAdminDriverList" name="test_filter_by_country_CI" time="0.064" /><testcase classname="tests.test_driver_applications.TestAdminDriverActions" name="test_approve_pending_then_reject_flip" time="0.424" /><testcase classname="tests.test_driver_applications.TestAdminDriverList" name="test_freetext_search_by_name" time="0.056" /><testcase classname="tests.test_driver_applications.TestAdminDriverActions" name="test_reject_pending_driver" time="0.190" /><testcase classname="tests.test_driver_applications.TestAdminDriverActions" name="test_approve_unknown_driver_404" time="0.053" /></testsuite></testsuites>