<?xml version="1.0" encoding="utf-8"?><testsuites name="pytest tests"><testsuite name="pytest" errors="0" failures="0" skipped="0" tests="7" time="5.508" timestamp="2026-08-26T14:22:01.470354+00:00" hostname="agent-env-2acde1de-dbd2-4e99-9a56-702ded689377"><testcase classname="tests.test_driver_trip_flow_iter63" name="test_driver_status_no_bearer_returns_401" time="0.641" /><testcase classname="tests.test_driver_trip_flow_iter63" name="test_driver_status_bogus_token_returns_401" time="0.152" /><testcase classname="tests.test_driver_trip_flow_iter63" name="test_driver_status_wrong_driver_returns_403" time="1.127" /><testcase classname="tests.test_driver_trip_flow_iter63" name="test_full_transition_flow" time="1.123" /><testcase classname="tests.test_driver_trip_flow_iter63" name="test_invalid_transition_rejected" time="0.741" /><testcase classname="tests.test_driver_trip_flow_iter63" name="test_express_active_returns_booking_after_seed" time="0.479" /><testcase classname="tests.test_driver_trip_flow_iter63" name="test_express_active_null_when_delivered" time="1.152" /></testsuite></testsuites>