<?xml version="1.0" encoding="utf-8"?><testsuites name="pytest tests"><testsuite name="pytest" errors="0" failures="0" skipped="0" tests="19" time="9.014" timestamp="2026-09-01T12:14:57.121349+00:00" hostname="agent-env-2acde1de-dbd2-4e99-9a56-702ded689377"><testcase classname="tests.test_shop_delivery_pin_iter73.TestPinMintedForCustomer" name="test_checkout_returns_six_digit_pin" time="2.928" /><testcase classname="tests.test_shop_delivery_pin_iter73.TestPinMintedForCustomer" name="test_orders_me_exposes_pin" time="0.196" /><testcase classname="tests.test_shop_delivery_pin_iter73.TestSellerTransitions" name="test_skip_paid_to_shipped_rejected" time="3.204" /><testcase classname="tests.test_shop_delivery_pin_iter73.TestPinMintedForCustomer" name="test_order_detail_exposes_pin" time="0.141" /><testcase classname="tests.test_shop_delivery_pin_iter73.TestSellerTransitions" name="test_seller_cannot_set_delivered" time="0.146" /><testcase classname="tests.test_shop_delivery_pin_iter73.TestSellerTransitions" name="test_paid_to_packing_to_shipped" time="0.285" /><testcase classname="tests.test_shop_delivery_pin_iter73.TestSaOverride" name="test_sa_can_flip_to_delivered_no_pin" time="0.978" /><testcase classname="tests.test_shop_delivery_pin_iter73.TestPinGate" name="test_wrong_pin_400" time="1.439" /><testcase classname="tests.test_shop_delivery_pin_iter73.TestSaOverride" name="test_sa_can_flip_to_cancelled" time="0.694" /><testcase classname="tests.test_shop_delivery_pin_iter73.TestPinGate" name="test_correct_pin_delivered" time="0.155" /><testcase classname="tests.test_shop_delivery_pin_iter73.TestPinGate" name="test_deliver_idempotent" time="0.153" /><testcase classname="tests.test_shop_delivery_pin_iter73.TestSaOverride" name="test_sa_rejects_bad_status" time="0.117" /><testcase classname="tests.test_shop_delivery_pin_iter73.TestMigration0045" name="test_alembic_version_ge_0045" time="0.038" /><testcase classname="tests.test_shop_delivery_pin_iter73.TestMigration0045" name="test_columns_present" time="0.043" /><testcase classname="tests.test_shop_delivery_pin_iter73.TestPinHiddenFromSeller" name="test_portal_list_omits_pin" time="1.065" /><testcase classname="tests.test_shop_delivery_pin_iter73.TestPinHiddenFromSeller" name="test_portal_detail_omits_pin" time="0.191" /><testcase classname="tests.test_shop_delivery_pin_iter73.TestOwnershipGuard" name="test_supplier_without_line_gets_404" time="0.275" /><testcase classname="tests.test_shop_delivery_pin_iter73.TestDeliverPreconditions" name="test_deliver_on_paid_rejected" time="0.971" /><testcase classname="tests.test_shop_delivery_pin_iter73.TestBruteForceLock" name="test_five_wrong_locks_out" time="2.185" /></testsuite></testsuites>