<?xml version="1.0" encoding="utf-8"?><testsuites name="pytest tests"><testsuite name="pytest" errors="0" failures="0" skipped="0" tests="8" time="1.940" timestamp="2026-08-24T07:53:00.844438+00:00" hostname="agent-env-2acde1de-dbd2-4e99-9a56-702ded689377"><testcase classname="tests.test_master_catalog_filters" name="test_mart_categories_ci_populated" time="0.155" /><testcase classname="tests.test_master_catalog_filters" name="test_mart_subcategories_requires_category" time="0.112" /><testcase classname="tests.test_master_catalog_filters" name="test_mart_subcategories_fruits_vegetables" time="0.100" /><testcase classname="tests.test_master_catalog_filters" name="test_master_catalog_unfiltered" time="0.475" /><testcase classname="tests.test_master_catalog_filters" name="test_master_catalog_category_filter" time="0.122" /><testcase classname="tests.test_master_catalog_filters" name="test_master_catalog_category_and_subcategory_filter" time="0.104" /><testcase classname="tests.test_master_catalog_filters" name="test_master_catalog_narrowing" time="0.372" /><testcase classname="tests.test_master_catalog_filters" name="test_master_catalog_requires_auth" time="0.160" /></testsuite></testsuites>