<?xml version="1.0" encoding="utf-8"?><testsuites name="pytest tests"><testsuite name="pytest" errors="0" failures="0" skipped="0" tests="13" time="2.624" timestamp="2026-09-15T12:18:48.970854+00:00" hostname="agent-env-2acde1de-dbd2-4e99-9a56-702ded689377"><testcase classname="tests.test_send_driver_multi_stop_ux.TestStopsEnrichment" name="test_stops_are_enriched_with_sequence_and_pending_status" time="0.662" /><testcase classname="tests.test_send_driver_multi_stop_ux.TestMultiStopUnit" name="test_pins_generated_per_drop" time="0.129" /><testcase classname="tests.test_send_driver_multi_stop_ux.TestMultiStopUnit" name="test_cannot_skip_pickup_1" time="0.000" /><testcase classname="tests.test_send_driver_multi_stop_ux.TestMultiStopUnit" name="test_cannot_skip_drop_before_pickup" time="0.000" /><testcase classname="tests.test_send_driver_multi_stop_ux.TestMultiStopUnit" name="test_wrong_pin_rejected" time="0.000" /><testcase classname="tests.test_send_driver_multi_stop_ux.TestMultiStopUnit" name="test_full_happy_path_cascades_to_delivered" time="0.000" /><testcase classname="tests.test_send_driver_multi_stop_ux.TestMultiStopUnit" name="test_cannot_replay_completed_leg" time="0.000" /><testcase classname="tests.test_send_driver_multi_stop_ux.TestMultiStopUnit" name="test_progress_summary_shape" time="0.000" /><testcase classname="tests.test_send_driver_multi_stop_ux.TestStopAdvanceAuth" name="test_stop_advance_requires_driver_jwt" time="0.665" /><testcase classname="tests.test_send_driver_multi_stop_ux.TestStopsEnrichment" name="test_delivery_pin_is_stripped_from_customer_api" time="0.549" /><testcase classname="tests.test_send_driver_multi_stop_ux.TestStopAdvanceAuth" name="test_stop_advance_rejects_customer_token" time="0.654" /><testcase classname="tests.test_send_driver_multi_stop_ux.TestStopsEnrichment" name="test_stops_progress_points_at_first_pickup" time="0.492" /><testcase classname="tests.test_send_driver_multi_stop_ux.TestStopsEnrichment" name="test_single_stop_booking_leaves_stops_progress_null" time="0.531" /></testsuite></testsuites>