<?xml version="1.0" encoding="utf-8"?><testsuites name="pytest tests"><testsuite name="pytest" errors="0" failures="0" skipped="0" tests="6" time="1.112" timestamp="2026-08-17T12:49:47.437591+00:00" hostname="agent-env-2acde1de-dbd2-4e99-9a56-702ded689377"><testcase classname="tests.test_p1_catalogue_and_product_requests.TestMasterProductsSearch" name="test_unauth_returns_401" time="0.007" /><testcase classname="tests.test_p1_catalogue_and_product_requests.TestCategoriesEndpoint" name="test_unauth_returns_401" time="0.007" /><testcase classname="tests.test_p1_catalogue_and_product_requests.TestCategoriesEndpoint" name="test_categories_returns_items_with_slug" time="0.253" /><testcase classname="tests.test_p1_catalogue_and_product_requests.TestMasterProductsSearch" name="test_search_lait_case_insensitive" time="0.723" /><testcase classname="tests.test_p1_catalogue_and_product_requests.TestProductRequestFlow" name="test_create_and_admin_approve" time="0.505" /><testcase classname="tests.test_p1_catalogue_and_product_requests.TestProductRequestFlow" name="test_admin_reject_flow" time="0.017" /></testsuite></testsuites>