<?xml version="1.0" encoding="utf-8"?><testsuites name="pytest tests"><testsuite name="pytest" errors="0" failures="0" skipped="0" tests="8" time="3.233" timestamp="2026-08-17T13:22:59.771268+00:00" hostname="agent-env-2acde1de-dbd2-4e99-9a56-702ded689377"><testcase classname="tests.test_p2_feedback_and_cat_requests.TestSupplierCategoryRequests" name="test_create_category_request" time="0.667" /><testcase classname="tests.test_p2_feedback_and_cat_requests.TestSupplierCategoryRequests" name="test_list_returns_only_supplier_own" time="0.135" /><testcase classname="tests.test_p2_feedback_and_cat_requests.TestSupplierCategoryRequests" name="test_admin_sees_supplier_request" time="0.541" /><testcase classname="tests.test_p2_feedback_and_cat_requests.TestSupplierCategoryRequests" name="test_admin_approve_creates_category_and_notifies" time="0.937" /><testcase classname="tests.test_p2_feedback_and_cat_requests.TestProductRequestResubmit" name="test_setup_create_and_reject" time="0.322" /><testcase classname="tests.test_p2_feedback_and_cat_requests.TestProductRequestResubmit" name="test_patch_only_works_on_rejected" time="0.193" /><testcase classname="tests.test_p2_feedback_and_cat_requests.TestProductRequestResubmit" name="test_patch_on_pending_returns_409" time="0.163" /><testcase classname="tests.test_p2_feedback_and_cat_requests.TestProductRequestResubmit" name="test_get_reflects_pending" time="0.225" /></testsuite></testsuites>