<?xml version="1.0" encoding="utf-8"?><testsuites name="pytest tests"><testsuite name="pytest" errors="0" failures="0" skipped="0" tests="23" time="2.725" timestamp="2026-08-04T11:19:04.101923+00:00" hostname="agent-env-2acde1de-dbd2-4e99-9a56-702ded689377"><testcase classname="tests.test_partner_slice5_7.TestAuthGuards" name="test_products_requires_auth" time="0.107" /><testcase classname="tests.test_partner_slice5_7.TestAuthGuards" name="test_orders_requires_auth" time="0.100" /><testcase classname="tests.test_partner_slice5_7.TestAuthGuards" name="test_wallet_requires_auth" time="0.104" /><testcase classname="tests.test_partner_slice5_7.TestDashboard" name="test_dashboard" time="0.375" /><testcase classname="tests.test_partner_slice5_7.TestProducts" name="test_list_products" time="0.050" /><testcase classname="tests.test_partner_slice5_7.TestProducts" name="test_master_catalog_search" time="0.048" /><testcase classname="tests.test_partner_slice5_7.TestProducts" name="test_link_master_and_verify" time="0.144" /><testcase classname="tests.test_partner_slice5_7.TestProducts" name="test_link_master_duplicate_returns_409" time="0.087" /><testcase classname="tests.test_partner_slice5_7.TestProducts" name="test_create_custom_and_verify" time="0.051" /><testcase classname="tests.test_partner_slice5_7.TestProducts" name="test_update_product" time="0.048" /><testcase classname="tests.test_partner_slice5_7.TestProducts" name="test_hide_product_via_is_active" time="0.049" /><testcase classname="tests.test_partner_slice5_7.TestProducts" name="test_delete_product" time="0.090" /><testcase classname="tests.test_partner_slice5_7.TestOrders" name="test_list_orders_with_buckets" time="0.053" /><testcase classname="tests.test_partner_slice5_7.TestOrders" name="test_invalid_status_filter" time="0.044" /><testcase classname="tests.test_partner_slice5_7.TestOrders" name="test_get_order_detail" time="0.135" /><testcase classname="tests.test_partner_slice5_7.TestOrders" name="test_state_machine_invalid_transition_409" time="0.094" /><testcase classname="tests.test_partner_slice5_7.TestOrders" name="test_full_state_machine_and_wallet_credit" time="0.503" /><testcase classname="tests.test_partner_slice5_7.TestWallet" name="test_get_wallet" time="0.046" /><testcase classname="tests.test_partner_slice5_7.TestWallet" name="test_topup" time="0.096" /><testcase classname="tests.test_partner_slice5_7.TestWallet" name="test_topup_invalid_method" time="0.043" /><testcase classname="tests.test_partner_slice5_7.TestWallet" name="test_withdraw_success" time="0.178" /><testcase classname="tests.test_partner_slice5_7.TestWallet" name="test_withdraw_insufficient" time="0.045" /><testcase classname="tests.test_partner_slice5_7.TestWarehouseRegression" name="test_warehouse_tree_loads" time="0.145" /></testsuite></testsuites>