<?xml version="1.0" encoding="utf-8"?><testsuites name="pytest tests"><testsuite name="pytest" errors="0" failures="0" skipped="0" tests="9" time="14.288" timestamp="2026-07-30T11:45:56.035385+00:00" hostname="agent-env-2acde1de-dbd2-4e99-9a56-702ded689377"><testcase classname="tests.test_postgres_durability.TestBaseline" name="test_health_ok_initially" time="0.162" /><testcase classname="tests.test_postgres_durability.TestRestartDurability" name="test_restart_postgres_recovers" time="1.597" /><testcase classname="tests.test_postgres_durability.TestStopStartDurability" name="test_stop_start_postgres_recovers" time="5.267" /><testcase classname="tests.test_postgres_durability.TestPasswordDriftRecovery" name="test_alter_role_drift_is_healed_on_restart" time="1.926" /><testcase classname="tests.test_postgres_durability.TestHealthEndpointStates" name="test_health_degraded_when_pg_down_then_recovered" time="4.879" /><testcase classname="tests.test_postgres_durability.TestSeedData" name="test_countries" time="0.139" /><testcase classname="tests.test_postgres_durability.TestSeedData" name="test_express_vehicles_ci" time="0.132" /><testcase classname="tests.test_postgres_durability.TestSeedData" name="test_mart_categories" time="0.126" /><testcase classname="tests.test_postgres_durability.TestLogVisibility" name="test_log_contains_all_bootstrap_steps" time="0.000" /></testsuite></testsuites>