<?xml version="1.0" encoding="utf-8"?><testsuites name="pytest tests"><testsuite name="pytest" errors="0" failures="0" skipped="0" tests="17" time="9.955" timestamp="2026-08-17T08:37:59.361674+00:00" hostname="agent-env-2acde1de-dbd2-4e99-9a56-702ded689377"><testcase classname="tests.test_supplier_invoices_phase5.TestPhase5" name="test_01_auto_draft_created" time="2.804" /><testcase classname="tests.test_supplier_invoices_phase5.TestPhase5" name="test_02_receive_idempotent" time="0.688" /><testcase classname="tests.test_supplier_invoices_phase5.TestPhase5" name="test_03_listing_scopes_and_status_filter" time="0.417" /><testcase classname="tests.test_supplier_invoices_phase5.TestPhase5" name="test_04_supplier_patch_cost_variance" time="0.315" /><testcase classname="tests.test_supplier_invoices_phase5.TestPhase5" name="test_05_supplier_patch_qty_variance" time="0.403" /><testcase classname="tests.test_supplier_invoices_phase5.TestPhase5" name="test_06_upload_pdf" time="0.454" /><testcase classname="tests.test_supplier_invoices_phase5.TestPhase5" name="test_07_submit_missing_fields_400" time="0.275" /><testcase classname="tests.test_supplier_invoices_phase5.TestPhase5" name="test_08_submit_matched" time="0.123" /><testcase classname="tests.test_supplier_invoices_phase5.TestPhase5" name="test_09_partner_approve_matched" time="0.169" /><testcase classname="tests.test_supplier_invoices_phase5.TestPhase5" name="test_10_rbac_cross_partner_404" time="0.523" /><testcase classname="tests.test_supplier_invoices_phase5.TestPhase5" name="test_11_document_proxy_all_roles" time="0.912" /><testcase classname="tests.test_supplier_invoices_phase5.TestPhase5" name="test_12_variance_status_after_submit" time="1.837" /><testcase classname="tests.test_supplier_invoices_phase5.TestPhase5" name="test_13_partner_approve_variance_needs_notes" time="0.107" /><testcase classname="tests.test_supplier_invoices_phase5.TestPhase5" name="test_14_partner_dispute_reason_too_short" time="0.164" /><testcase classname="tests.test_supplier_invoices_phase5.TestPhase5" name="test_15_partner_dispute_ok" time="0.101" /><testcase classname="tests.test_supplier_invoices_phase5.TestPhase5" name="test_16_admin_override_reset_and_approve" time="0.235" /><testcase classname="tests.test_supplier_invoices_phase5.TestPhase5" name="test_17_admin_override_reason_too_short" time="0.102" /></testsuite></testsuites>