<?xml version="1.0" encoding="utf-8"?><testsuites name="pytest tests"><testsuite name="pytest" errors="0" failures="0" skipped="1" tests="10" time="15.130" timestamp="2026-07-24T08:44:46.695184+00:00" hostname="agent-env-2acde1de-dbd2-4e99-9a56-702ded689377"><testcase classname="tests.test_express_phase2.TestDriverSeed" name="test_30_drivers_total" time="0.681" /><testcase classname="tests.test_express_phase2.TestAdminDriverCRUD" name="test_create_three_wheeler_and_verify_defaults" time="0.869" /><testcase classname="tests.test_express_phase2.TestDriverSeed" name="test_active_drivers_have_phase2_fields" time="0.048" /><testcase classname="tests.test_express_phase2.TestAdminDriverCRUD" name="test_patch_availability_and_status" time="0.259" /><testcase classname="tests.test_express_phase2.TestDriverStatusEndpoint" name="test_invalid_transition_from_searching_returns_400" time="0.280" /><testcase classname="tests.test_express_phase2.TestDriverStatusEndpoint" name="test_valid_arriving_transition_when_assigned" time="10.904"><skipped type="pytest.skip" message="Could not observe driver_assigned state in time (simulator too fast)">/app/backend/tests/test_express_phase2.py:355: Could not observe driver_assigned state in time (simulator too fast)</skipped></testcase><testcase classname="tests.test_express_phase2.TestVehiclesRegression" name="test_vehicles_ci_still_5_active" time="0.048" /><testcase classname="tests.test_express_phase2.TestWebSocket" name="test_ws_snapshot_and_location_frames" time="5.227" /><testcase classname="tests.test_express_phase2.TestBookingDispatchDemo" name="test_booking_gets_driver_within_seconds" time="1.127" /><testcase classname="tests.test_express_phase2.TestDispatchFallback" name="test_bike_falls_back_when_no_bikes_available" time="1.497" /></testsuite></testsuites>