<?xml version="1.0" encoding="utf-8"?><testsuites name="pytest tests"><testsuite name="pytest" errors="0" failures="1" skipped="0" tests="18" time="10.213" timestamp="2026-08-17T10:24:02.704097+00:00" hostname="agent-env-2acde1de-dbd2-4e99-9a56-702ded689377"><testcase classname="tests.test_notifications_phase5b.TestAuth" name="test_supplier_notifs_requires_auth" time="0.207" /><testcase classname="tests.test_notifications_phase5b.TestAuth" name="test_partner_notifs_requires_auth" time="0.230" /><testcase classname="tests.test_notifications_phase5b.TestAuth" name="test_admin_notifs_requires_auth" time="0.362" /><testcase classname="tests.test_notifications_phase5b.TestAuth" name="test_supplier_read_requires_auth" time="0.098" /><testcase classname="tests.test_notifications_phase5b.TestListShape" name="test_list_items_shape" time="4.158" /><testcase classname="tests.test_notifications_phase5b.TestDispatch" name="test_po_submit_notifies_supplier" time="5.126" /><testcase classname="tests.test_notifications_phase5b.TestListShape" name="test_unread_filter_returns_only_unread" time="0.256" /><testcase classname="tests.test_notifications_phase5b.TestDispatch" name="test_po_ack_notifies_partner" time="0.117" /><testcase classname="tests.test_notifications_phase5b.TestDispatch" name="test_po_ship_notifies_partner" time="0.117" /><testcase classname="tests.test_notifications_phase5b.TestDispatch" name="test_auto_draft_notifies_supplier" time="0.384" /><testcase classname="tests.test_notifications_phase5b.TestReadPersistence" name="test_single_read_persists" time="0.353" /><testcase classname="tests.test_notifications_phase5b.TestReadPersistence" name="test_read_all_clears_unread_count" time="0.212" /><testcase classname="tests.test_notifications_phase5b.TestInvoiceDispatch" name="test_invoice_submit_notifies_partner" time="1.093" /><testcase classname="tests.test_notifications_phase5b.TestInvoiceDispatch" name="test_invoice_approve_notifies_supplier" time="0.786" /><testcase classname="tests.test_notifications_phase5b.TestIsolation" name="test_beta_partner_does_not_see_alpha_notifications" time="0.518" /><testcase classname="tests.test_notifications_phase5b.TestAtomic" name="test_double_submit_creates_no_extra_notification" time="0.626" /><testcase classname="tests.test_notifications_phase5b.TestUnreadFilter" name="test_new_dispatch_shows_up_as_unread" time="0.221"><failure message="assert 1 == 0">tests/test_notifications_phase5b.py:437: in test_new_dispatch_shows_up_as_unread
    assert _list_supplier(supplier_headers)["unread_count"] == 0
E   assert 1 == 0</failure></testcase><testcase classname="tests.test_notifications_phase5b.TestDispute" name="test_dispute_notifies_supplier" time="2.688" /></testsuite></testsuites>