<?xml version="1.0" encoding="utf-8"?><testsuites name="pytest tests"><testsuite name="pytest" errors="0" failures="0" skipped="0" tests="26" time="3.279" timestamp="2026-08-12T12:05:53.407893+00:00" hostname="agent-env-2acde1de-dbd2-4e99-9a56-702ded689377"><testcase classname="tests.test_mart_phase2_catalog_inventory.TestPartnerInventoryAndApproval" name="test_list_inventory" time="0.792" /><testcase classname="tests.test_mart_phase2_catalog_inventory.TestAdminCategories" name="test_list_categories" time="0.897" /><testcase classname="tests.test_mart_phase2_catalog_inventory.TestPartnerInventoryAndApproval" name="test_adjust_receive_10" time="0.157" /><testcase classname="tests.test_mart_phase2_catalog_inventory.TestAdminCategories" name="test_create_category" time="0.118" /><testcase classname="tests.test_mart_phase2_catalog_inventory.TestPartnerInventoryAndApproval" name="test_movements_shows_receive" time="0.136" /><testcase classname="tests.test_mart_phase2_catalog_inventory.TestAdminCategories" name="test_patch_category" time="0.112" /><testcase classname="tests.test_mart_phase2_catalog_inventory.TestPartnerInventoryAndApproval" name="test_adjust_remove_more_than_available_returns_409" time="0.115" /><testcase classname="tests.test_mart_phase2_catalog_inventory.TestAdminCategories" name="test_create_subcategory_under_category" time="0.112" /><testcase classname="tests.test_mart_phase2_catalog_inventory.TestPartnerInventoryAndApproval" name="test_by_location_report" time="0.103" /><testcase classname="tests.test_mart_phase2_catalog_inventory.TestAdminCategories" name="test_delete_category_with_subs_returns_409" time="0.132" /><testcase classname="tests.test_mart_phase2_catalog_inventory.TestPartnerInventoryAndApproval" name="test_partner_creates_custom_pending" time="0.108" /><testcase classname="tests.test_mart_phase2_catalog_inventory.TestAdminCategories" name="test_delete_subcategory" time="0.107" /><testcase classname="tests.test_mart_phase2_catalog_inventory.TestAdminCategories" name="test_delete_category_after_sub_removed" time="0.272" /><testcase classname="tests.test_mart_phase2_catalog_inventory.TestAdminBrands" name="test_create_brand" time="0.107" /><testcase classname="tests.test_mart_phase2_catalog_inventory.TestPartnerInventoryAndApproval" name="test_admin_sees_pending_product" time="0.546" /><testcase classname="tests.test_mart_phase2_catalog_inventory.TestAdminBrands" name="test_list_brands" time="0.164" /><testcase classname="tests.test_mart_phase2_catalog_inventory.TestPartnerInventoryAndApproval" name="test_reject_without_notes_returns_400" time="0.106" /><testcase classname="tests.test_mart_phase2_catalog_inventory.TestAdminBrands" name="test_patch_brand" time="0.105" /><testcase classname="tests.test_mart_phase2_catalog_inventory.TestPartnerInventoryAndApproval" name="test_approve_partner_product" time="0.105" /><testcase classname="tests.test_mart_phase2_catalog_inventory.TestAdminBrands" name="test_delete_brand" time="0.132" /><testcase classname="tests.test_mart_phase2_catalog_inventory.TestPartnerInventoryAndApproval" name="test_double_approve_returns_409" time="0.150" /><testcase classname="tests.test_mart_phase2_catalog_inventory.TestAdminProducts" name="test_create_product" time="0.112" /><testcase classname="tests.test_mart_phase2_catalog_inventory.TestPartnerInventoryAndApproval" name="test_cleanup_delete_custom_product" time="0.119" /><testcase classname="tests.test_mart_phase2_catalog_inventory.TestAdminProducts" name="test_search_by_sku" time="0.182" /><testcase classname="tests.test_mart_phase2_catalog_inventory.TestAdminProducts" name="test_patch_product" time="0.107" /><testcase classname="tests.test_mart_phase2_catalog_inventory.TestAdminProducts" name="test_soft_delete_product" time="0.117" /></testsuite></testsuites>