<?xml version="1.0" encoding="utf-8"?><testsuites name="pytest tests"><testsuite name="pytest" errors="0" failures="0" skipped="0" tests="8" time="2.634" timestamp="2026-08-14T13:31:03.677534+00:00" hostname="agent-env-2acde1de-dbd2-4e99-9a56-702ded689377"><testcase classname="tests.test_replenishment_phase4b" name="test_unauth_returns_401" time="0.346" /><testcase classname="tests.test_replenishment_phase4b" name="test_list_returns_partner_scoped_items" time="0.532" /><testcase classname="tests.test_replenishment_phase4b" name="test_list_status_filter" time="0.175" /><testcase classname="tests.test_replenishment_phase4b" name="test_convert_happy_path" time="0.145" /><testcase classname="tests.test_replenishment_phase4b" name="test_source_suggestions_flipped" time="0.280" /><testcase classname="tests.test_replenishment_phase4b" name="test_reconvert_already_converted" time="0.257" /><testcase classname="tests.test_replenishment_phase4b" name="test_recycle_after_cancel" time="0.308" /><testcase classname="tests.test_replenishment_phase4b" name="test_convert_wrong_partner_suggestion" time="0.246" /></testsuite></testsuites>