<?xml version="1.0" encoding="utf-8"?><testsuites name="pytest tests"><testsuite name="pytest" errors="0" failures="0" skipped="0" tests="15" time="4.080" timestamp="2026-08-14T11:06:27.535439+00:00" hostname="agent-env-2acde1de-dbd2-4e99-9a56-702ded689377"><testcase classname="tests.test_purchase_orders_phase4_grn.TestPartnerGrnDownloads" name="test_consolidated_pdf" time="0.730" /><testcase classname="tests.test_purchase_orders_phase4_grn.TestSupplierGrn" name="test_list_and_downloads" time="1.321" /><testcase classname="tests.test_purchase_orders_phase4_grn.TestPartnerGrnDownloads" name="test_consolidated_xlsx" time="0.132" /><testcase classname="tests.test_purchase_orders_phase4_grn.TestPartnerGrnDownloads" name="test_receipt_pdf_and_xlsx" time="0.511" /><testcase classname="tests.test_purchase_orders_phase4_grn.TestSupplierGrn" name="test_unauthenticated_401" time="0.263" /><testcase classname="tests.test_purchase_orders_phase4_grn.TestPartnerGrnDownloads" name="test_receipt_pdf_unauthenticated" time="0.264" /><testcase classname="tests.test_purchase_orders_phase4_grn.TestSupplierGrn" name="test_cross_supplier_404" time="0.618" /><testcase classname="tests.test_purchase_orders_phase4_grn.TestAdminGrn" name="test_list" time="0.651" /><testcase classname="tests.test_purchase_orders_phase4_grn.TestSupplierGrn" name="test_draft_po_404" time="0.309" /><testcase classname="tests.test_purchase_orders_phase4_grn.TestAdminGrn" name="test_pdf_and_xlsx" time="0.305" /><testcase classname="tests.test_purchase_orders_phase4_grn.TestPartnerGrnList" name="test_list_shape" time="0.153" /><testcase classname="tests.test_purchase_orders_phase4_grn.TestAdminGrn" name="test_receipt" time="0.271" /><testcase classname="tests.test_purchase_orders_phase4_grn.TestPartnerGrnList" name="test_list_unauthenticated" time="0.200" /><testcase classname="tests.test_purchase_orders_phase4_grn.TestAdminGrn" name="test_unauthenticated_401" time="0.337" /><testcase classname="tests.test_purchase_orders_phase4_grn.TestPartnerGrnList" name="test_cross_tenant_404" time="0.517" /></testsuite></testsuites>