<?xml version="1.0" encoding="utf-8"?><testsuites name="pytest tests"><testsuite name="pytest" errors="0" failures="0" skipped="0" tests="11" time="9.427" timestamp="2026-08-14T17:28:03.162997+00:00" hostname="agent-env-2acde1de-dbd2-4e99-9a56-702ded689377"><testcase classname="tests.test_purchase_orders_phase3.TestPartnerLifecycle" name="test_create_and_totals" time="1.842" /><testcase classname="tests.test_purchase_orders_phase3.TestPartnerLifecycle" name="test_cannot_submit_empty_po" time="0.270" /><testcase classname="tests.test_purchase_orders_phase3.TestPartnerLifecycle" name="test_cancel_before_acknowledge" time="0.603" /><testcase classname="tests.test_purchase_orders_phase3.TestSupplierLifecycle" name="test_supplier_cannot_skip_ack" time="0.962" /><testcase classname="tests.test_purchase_orders_phase3.TestSupplierLifecycle" name="test_partner_cannot_cancel_after_ack" time="0.963" /><testcase classname="tests.test_purchase_orders_phase3.TestSupplierLifecycle" name="test_supplier_never_sees_draft" time="0.397" /><testcase classname="tests.test_purchase_orders_phase3.TestReceipts" name="test_partial_then_full_receive_updates_status_and_inventory" time="1.378" /><testcase classname="tests.test_purchase_orders_phase3.TestReceipts" name="test_cannot_receive_before_acknowledge" time="0.667" /><testcase classname="tests.test_purchase_orders_phase3.TestReceipts" name="test_audit_trail_populated" time="0.906" /><testcase classname="tests.test_purchase_orders_phase3.TestAdmin" name="test_admin_can_list_all" time="0.552" /><testcase classname="tests.test_purchase_orders_phase3.TestAdmin" name="test_admin_override_cancel" time="0.830" /></testsuite></testsuites>