<?xml version="1.0" encoding="utf-8"?><testsuites name="pytest tests"><testsuite name="pytest" errors="0" failures="0" skipped="0" tests="26" time="5.146" timestamp="2026-09-14T13:57:06.677581+00:00" hostname="agent-env-2acde1de-dbd2-4e99-9a56-702ded689377"><testcase classname="tests.test_send_phase_b_capabilities.TestDriverCapabilities" name="test_empty_capabilities_on_signup" time="0.744" /><testcase classname="tests.test_send_phase_c_service_types.TestVehicleFilterEndpoint" name="test_vehicles_filtered_by_service_type[moto-expected0]" time="0.333" /><testcase classname="tests.test_send_phase_c_service_types.TestVehicleFilterEndpoint" name="test_vehicles_filtered_by_service_type[cargo-expected1]" time="0.149" /><testcase classname="tests.test_send_phase_c_service_types.TestVehicleFilterEndpoint" name="test_vehicles_filtered_by_service_type[fresh_products-expected2]" time="0.145" /><testcase classname="tests.test_send_phase_c_service_types.TestVehicleFilterEndpoint" name="test_vehicles_filtered_by_service_type[between_cities-expected3]" time="0.152" /><testcase classname="tests.test_send_phase_b_capabilities.TestDriverCapabilities" name="test_replace_capabilities_writes_primary_and_mirrors_vehicle_type" time="0.731" /><testcase classname="tests.test_send_phase_c_service_types.TestVehicleFilterEndpoint" name="test_vehicles_filtered_by_service_type[multiple_shipments-expected4]" time="0.202" /><testcase classname="tests.test_send_phase_c_service_types.TestVehicleFilterEndpoint" name="test_unfiltered_returns_full_catalogue" time="0.191" /><testcase classname="tests.test_send_phase_c_service_types.TestVehicleFilterEndpoint" name="test_unknown_service_type_400" time="0.188" /><testcase classname="tests.test_send_phase_e_multi_stop.TestMultiStopQuote" name="test_three_shipment_quote_includes_extra_surcharge" time="0.142" /><testcase classname="tests.test_send_phase_b_capabilities.TestDriverCapabilities" name="test_idempotent_replace" time="0.983" /><testcase classname="tests.test_send_phase_e_multi_stop.TestMultiStopQuote" name="test_single_shipment_no_surcharge" time="0.151" /><testcase classname="tests.test_send_phase_e_multi_stop.TestMultiStopQuote" name="test_empty_stops_rejected_by_schema" time="0.135" /><testcase classname="tests.test_send_phase_e_multi_stop.TestMultiStopQuote" name="test_too_many_stops_rejected" time="0.162" /><testcase classname="tests.test_send_phase_e_multi_stop.TestMultiStopBookingPersistence" name="test_stops_persisted_on_booking" time="0.516" /><testcase classname="tests.test_send_phase_b_capabilities.TestDriverCapabilities" name="test_unknown_code_rejected" time="0.515" /><testcase classname="tests.test_send_phase_e_multi_stop.TestMultiStopBookingPersistence" name="test_head_mismatch_rejected" time="0.452" /><testcase classname="tests.test_send_phase_e_multi_stop.TestMultiStopBookingPersistence" name="test_single_shipment_booking_leaves_stops_null" time="0.485" /><testcase classname="tests.test_send_phase_b_capabilities.TestDriverCapabilities" name="test_primary_auto_added_when_missing_from_codes" time="0.588" /><testcase classname="tests.test_send_phase_c_service_types.TestServiceCatalogueEndpoint" name="test_lists_all_five_services" time="0.149" /><testcase classname="tests.test_send_phase_b_capabilities.TestVehicleCatalogue" name="test_ci_lists_eight_vehicles_with_refrigerated_flags" time="0.144" /><testcase classname="tests.test_send_phase_c_service_types.TestServiceCatalogueEndpoint" name="test_no_cross_contamination" time="0.139" /><testcase classname="tests.test_send_phase_c_service_types.TestBookingCreationValidation" name="test_mismatched_service_and_vehicle_is_rejected" time="0.579" /><testcase classname="tests.test_send_phase_b_capabilities.TestVehicleCatalogue" name="test_french_labels_are_present" time="0.231" /><testcase classname="tests.test_send_phase_b_capabilities.TestAuthGuard" name="test_capabilities_require_auth" time="0.301" /><testcase classname="tests.test_send_phase_c_service_types.TestBookingCreationValidation" name="test_unknown_service_type_is_rejected" time="0.506" /></testsuite></testsuites>