<?xml version="1.0" encoding="utf-8"?><testsuites name="pytest tests"><testsuite name="pytest" errors="0" failures="1" skipped="0" tests="6" time="8.651" timestamp="2026-08-14T17:27:34.446615+00:00" hostname="agent-env-2acde1de-dbd2-4e99-9a56-702ded689377"><testcase classname="tests.test_purchase_orders_phase4c_notifications.TestSubmitNotification" name="test_submit_dispatches_to_supplier" time="1.586" /><testcase classname="tests.test_purchase_orders_phase4c_notifications.TestAcknowledgeNotification" name="test_ack_dispatches_to_partner" time="0.181" /><testcase classname="tests.test_purchase_orders_phase4c_notifications.TestShipNotification" name="test_ship_dispatches_to_partner" time="0.154" /><testcase classname="tests.test_purchase_orders_phase4c_notifications.TestShipNotification" name="test_ship_includes_warehouse_manager" time="2.052" /><testcase classname="tests.test_purchase_orders_phase4c_notifications.TestNoDispatchOnFailure" name="test_double_submit_409_no_mail" time="3.209" /><testcase classname="tests.test_purchase_orders_phase4c_notifications.TestMissingRecipientGuard" name="test_ack_without_owner_email_logs_no_recipients" time="1.380"><failure message="RuntimeError: psql failed: ERROR:  null value in column &quot;owner_email&quot; of relation &quot;partners&quot; violates not-null constraint&#10;DETAIL:  Failing row contains (prt_alpha_demo_seed, papp_alpha_demo_seed, mart, CI, Partner Alpha Store, dark_store, Partner Alpha Store Owner, null, +2250700000001, $2b$12$29Go87.Xynvfmrulndy2sOzJH1P8tW3vpw9mrt7ml2cMSrsn2jCFq, f, t, 2026-08-14 17:17:17.740302+00, null, 2026-08-14 17:17:17.740302+00, 2026-08-14 17:17:17.740302+00).">tests/test_purchase_orders_phase4c_notifications.py:258: in test_ack_without_owner_email_logs_no_recipients
    _psql(f"UPDATE partners SET owner_email=NULL WHERE id='{partner_id}'")
tests/test_purchase_orders_phase4c_notifications.py:44: in _psql
    raise RuntimeError(f"psql failed: {r.stderr}")
E   RuntimeError: psql failed: ERROR:  null value in column "owner_email" of relation "partners" violates not-null constraint
E   DETAIL:  Failing row contains (prt_alpha_demo_seed, papp_alpha_demo_seed, mart, CI, Partner Alpha Store, dark_store, Partner Alpha Store Owner, null, +2250700000001, $2b$12$29Go87.Xynvfmrulndy2sOzJH1P8tW3vpw9mrt7ml2cMSrsn2jCFq, f, t, 2026-08-14 17:17:17.740302+00, null, 2026-08-14 17:17:17.740302+00, 2026-08-14 17:17:17.740302+00).</failure></testcase></testsuite></testsuites>