<?xml version="1.0" encoding="utf-8"?><testsuites name="pytest tests"><testsuite name="pytest" errors="0" failures="0" skipped="0" tests="3" time="1.135" timestamp="2026-08-24T08:27:44.189589+00:00" hostname="agent-env-2acde1de-dbd2-4e99-9a56-702ded689377"><testcase classname="tests.test_pick_location_orders_picker.TestPickerPickLocation" name="test_picker_detail_lines_sorted_and_have_pick_location" time="0.650" /><testcase classname="tests.test_pick_location_orders_picker.TestOrdersPickLocation" name="test_orders_list_items_include_pick_location_key" time="0.672" /><testcase classname="tests.test_pick_location_orders_picker.TestOrdersPickLocation" name="test_orders_detail_pick_location_structure" time="0.138" /></testsuite></testsuites>