<?xml version="1.0" encoding="utf-8"?><testsuites name="pytest tests"><testsuite name="pytest" errors="0" failures="0" skipped="0" tests="10" time="5.618" timestamp="2026-08-17T17:39:20.552455+00:00" hostname="agent-env-2acde1de-dbd2-4e99-9a56-702ded689377"><testcase classname="tests.test_partner_picker" name="test_queue_returns_accepted_orders" time="2.160" /><testcase classname="tests.test_partner_picker" name="test_detail_has_lines_and_progress" time="0.152" /><testcase classname="tests.test_partner_picker" name="test_scan_by_product_id_flips_status_and_increments" time="0.287" /><testcase classname="tests.test_partner_picker" name="test_scan_invalid_code_returns_404" time="0.156" /><testcase classname="tests.test_partner_picker" name="test_scan_already_complete_returns_409" time="0.482" /><testcase classname="tests.test_partner_picker" name="test_set_item_caps_and_floors" time="0.610" /><testcase classname="tests.test_partner_picker" name="test_complete_incomplete_returns_409" time="0.233" /><testcase classname="tests.test_partner_picker" name="test_complete_ready_transition" time="0.648" /><testcase classname="tests.test_partner_picker" name="test_packer_can_scan" time="0.680" /><testcase classname="tests.test_partner_picker" name="test_queue_requires_auth" time="0.130" /></testsuite></testsuites>