<?xml version="1.0" encoding="utf-8"?><testsuites name="pytest tests"><testsuite name="pytest" errors="0" failures="0" skipped="0" tests="23" time="8.284" timestamp="2026-07-16T06:06:41.570194+00:00" hostname="agent-env-2acde1de-dbd2-4e99-9a56-702ded689377"><testcase classname="tests.test_baked_api.TestMart" name="test_categories_ci_french" time="0.274" /><testcase classname="tests.test_baked_api.TestAuthOtp" name="test_otp_request_shape" time="0.332" /><testcase classname="tests.test_baked_api.TestMart" name="test_categories_gb_english" time="0.046" /><testcase classname="tests.test_baked_api.TestMart" name="test_products_ci_xof" time="0.041" /><testcase classname="tests.test_baked_api.TestAuthOtp" name="test_otp_verify_then_me" time="0.221" /><testcase classname="tests.test_baked_api.TestMart" name="test_products_by_category" time="0.043" /><testcase classname="tests.test_baked_api.TestMart" name="test_products_sort_price_asc" time="0.044" /><testcase classname="tests.test_baked_api.TestMart" name="test_products_sort_price_desc" time="0.057" /><testcase classname="tests.test_baked_api.TestMart" name="test_product_detail" time="0.123" /><testcase classname="tests.test_baked_api.TestAuthOtp" name="test_otp_wrong_code_400_increments" time="0.126" /><testcase classname="tests.test_baked_api.TestMart" name="test_product_detail_404" time="0.041" /><testcase classname="tests.test_baked_api.TestMart" name="test_offers_ci" time="0.084" /><testcase classname="tests.test_baked_api.TestAuthOtp" name="test_otp_rate_limit_after_5" time="0.364" /><testcase classname="tests.test_baked_api.TestCart" name="test_add_get_merges_and_hydrates" time="0.760" /><testcase classname="tests.test_baked_api.TestAuthOtp" name="test_auth_me_requires_bearer" time="0.040" /><testcase classname="tests.test_baked_api.TestConfig" name="test_countries" time="0.042" /><testcase classname="tests.test_baked_api.TestConfig" name="test_modules_ci_colors" time="0.080" /><testcase classname="tests.test_baked_api.TestAI" name="test_ai_search_returns_products" time="6.159" /><testcase classname="tests.test_baked_api.TestCart" name="test_update_and_delete_items" time="0.302" /><testcase classname="tests.test_baked_api.TestCart" name="test_clear_cart" time="0.209" /><testcase classname="tests.test_baked_api.TestCart" name="test_cart_requires_auth" time="0.087" /><testcase classname="tests.test_baked_api.TestAI" name="test_ai_insights_requires_admin" time="0.259" /><testcase classname="tests.test_baked_api.TestHealth" name="test_health" time="0.043" /></testsuite></testsuites>