<?xml version="1.0" encoding="utf-8"?><testsuites name="pytest tests"><testsuite name="pytest" errors="0" failures="0" skipped="0" tests="10" time="1.313" timestamp="2026-07-21T06:55:20.803062+00:00" hostname="agent-env-2acde1de-dbd2-4e99-9a56-702ded689377"><testcase classname="tests.test_addresses_v10.TestServiceability" name="test_ci_cocody_within_15km" time="0.151" /><testcase classname="tests.test_addresses_v10.TestRecentSearches" name="test_recent_requires_auth" time="0.148" /><testcase classname="tests.test_addresses_v10.TestServiceability" name="test_ci_paris_out_of_range" time="0.042" /><testcase classname="tests.test_addresses_v10.TestServiceability" name="test_lr_monrovia_serviceable" time="0.045" /><testcase classname="tests.test_addresses_v10.TestServiceability" name="test_unknown_country_defaults_to_unserviceable" time="0.043" /><testcase classname="tests.test_addresses_v10.TestCountryConfig" name="test_countries_only_ci_and_lr" time="0.088" /><testcase classname="tests.test_addresses_v10.TestRecentSearches" name="test_add_get_dedupe_delete" time="0.546" /><testcase classname="tests.test_addresses_v10.TestCustomerAddressRichFields" name="test_full_detail_address_round_trip" time="0.356" /><testcase classname="tests.test_addresses_v10.TestMartLR" name="test_mart_products_lr_lrd" time="0.047" /><testcase classname="tests.test_addresses_v10.TestMartLR" name="test_mart_categories_lr_no_gb" time="0.045" /></testsuite></testsuites>