<?xml version="1.0" encoding="utf-8"?><testsuites name="pytest tests"><testsuite name="pytest" errors="0" failures="0" skipped="0" tests="10" time="3.635" timestamp="2026-07-17T13:28:39.780349+00:00" hostname="agent-env-2acde1de-dbd2-4e99-9a56-702ded689377"><testcase classname="tests.test_min_order_eligibility.TestOrderCreate" name="test_under_min_returns_400" time="0.586" /><testcase classname="tests.test_min_order_eligibility.TestCartEligibility" name="test_under_min_blocks" time="0.640" /><testcase classname="tests.test_min_order_eligibility.TestOrderCreate" name="test_exactly_at_min_creates_order" time="0.441" /><testcase classname="tests.test_min_order_eligibility.TestCartEligibility" name="test_exactly_at_min_allows" time="0.404" /><testcase classname="tests.test_min_order_eligibility.TestCartEligibility" name="test_over_min_allows" time="0.349" /><testcase classname="tests.test_min_order_eligibility.TestOrderCreate" name="test_over_min_creates_order" time="0.394" /><testcase classname="tests.test_min_order_eligibility.TestOrderCreate" name="test_screenshot_scenario_creates_order" time="0.483" /><testcase classname="tests.test_min_order_eligibility.TestCartEligibility" name="test_screenshot_scenario_now_allows" time="0.865" /><testcase classname="tests.test_min_order_eligibility.TestCountryConfig" name="test_ci_min_order_is_3000" time="0.088" /><testcase classname="tests.test_min_order_eligibility.TestTrackingRegression" name="test_tracking_after_order_create" time="0.854" /></testsuite></testsuites>