<?xml version="1.0" encoding="utf-8"?><testsuites name="pytest tests"><testsuite name="pytest" errors="0" failures="0" skipped="0" tests="15" time="1.460" timestamp="2026-07-23T06:22:56.484389+00:00" hostname="agent-env-2acde1de-dbd2-4e99-9a56-702ded689377"><testcase classname="tests.test_express_phase1.TestMovers" name="test_categories" time="0.288" /><testcase classname="tests.test_express_phase1.TestParcelQuote" name="test_parcel_quote_bike_ci" time="0.237" /><testcase classname="tests.test_express_phase1.TestParcelQuote" name="test_parcel_quote_truck_higher_than_bike" time="0.098" /><testcase classname="tests.test_express_phase1.TestMovers" name="test_move_types" time="0.043" /><testcase classname="tests.test_express_phase1.TestMovers" name="test_time_slots_ci" time="0.082" /><testcase classname="tests.test_express_phase1.TestParcelQuote" name="test_parcel_quote_lr_currency" time="0.048" /><testcase classname="tests.test_express_phase1.TestMovers" name="test_items_all_countries_and_seed_count" time="0.083" /><testcase classname="tests.test_express_phase1.TestMovers" name="test_movers_quote_smoke" time="0.084" /><testcase classname="tests.test_express_phase1.TestBookings" name="test_parcel_booking_create_and_fetch" time="0.354" /><testcase classname="tests.test_express_phase1.TestVehicles" name="test_vehicles_ci_returns_five" time="0.042" /><testcase classname="tests.test_express_phase1.TestVehicles" name="test_vehicles_lr_returns_lrd_prices" time="0.041" /><testcase classname="tests.test_express_phase1.TestPackageTypesAndWeights" name="test_package_types" time="0.042" /><testcase classname="tests.test_express_phase1.TestPackageTypesAndWeights" name="test_weight_tiers" time="0.041" /><testcase classname="tests.test_express_phase1.TestBookings" name="test_parcel_booking_requires_auth" time="0.052" /><testcase classname="tests.test_express_phase1.TestBookings" name="test_movers_booking_create" time="0.137" /></testsuite></testsuites>