<?xml version="1.0" encoding="utf-8"?><testsuites name="pytest tests"><testsuite name="pytest" errors="0" failures="0" skipped="0" tests="4" time="2.009" timestamp="2026-09-08T12:49:04.016485+00:00" hostname="agent-env-2acde1de-dbd2-4e99-9a56-702ded689377"><testcase classname="tests.test_qa_v15_workstreams" name="test_shop_products_category_filter" time="0.404" /><testcase classname="tests.test_qa_v15_workstreams" name="test_apply_start_shop_creates_shop_supplier" time="0.738" /><testcase classname="tests.test_qa_v15_workstreams" name="test_apply_start_default_is_mart" time="0.155" /><testcase classname="tests.test_qa_v15_workstreams" name="test_apply_start_reuse_appends_module" time="0.345" /></testsuite></testsuites>