<?xml version="1.0" encoding="utf-8"?><testsuites name="pytest tests"><testsuite name="pytest" errors="0" failures="0" skipped="0" tests="10" time="1.764" timestamp="2026-09-03T18:00:50.130199+00:00" hostname="agent-env-2acde1de-dbd2-4e99-9a56-702ded689377"><testcase classname="tests.test_qa_fixing_prompt_v13.TestBug8DocumentUpload" name="test_upload_pdf_returns_file_url" time="0.560" /><testcase classname="tests.test_qa_fixing_prompt_v13.TestBug7ShopCategories" name="test_shop_categories_endpoint_returns_shpcat_ids" time="0.206" /><testcase classname="tests.test_qa_fixing_prompt_v13.TestBug7ShopCategories" name="test_mart_categories_endpoint_returns_cat_ids" time="0.138" /><testcase classname="tests.test_qa_fixing_prompt_v13.TestBug7ShopCategories" name="test_step5_accepts_shop_categories_with_module_shop" time="0.411" /><testcase classname="tests.test_qa_fixing_prompt_v13.TestBug8DocumentUpload" name="test_upload_png_image_kind" time="0.214" /><testcase classname="tests.test_qa_fixing_prompt_v13.TestBug7ShopCategories" name="test_step5_rejects_shop_id_without_module" time="0.254" /><testcase classname="tests.test_qa_fixing_prompt_v13.TestBug8DocumentUpload" name="test_upload_rejects_bad_mime" time="0.239" /><testcase classname="tests.test_qa_fixing_prompt_v13.TestBug7ShopCategories" name="test_step5_mart_still_works" time="0.332" /><testcase classname="tests.test_qa_fixing_prompt_v13.TestBug8DocumentUpload" name="test_upload_404_when_app_missing" time="0.096" /><testcase classname="tests.test_qa_fixing_prompt_v13.TestShopCategoryDeepLink" name="test_mode_femme_category_page_has_products" time="0.098" /></testsuite></testsuites>