<?xml version="1.0" encoding="utf-8"?><testsuites name="pytest tests"><testsuite name="pytest" errors="0" failures="0" skipped="2" tests="6" time="1.905" timestamp="2026-08-12T13:23:59.827879+00:00" hostname="agent-env-2acde1de-dbd2-4e99-9a56-702ded689377"><testcase classname="tests.test_replenishment_batch3a" name="test_list_returns_buckets" time="0.589" /><testcase classname="tests.test_replenishment_batch3a" name="test_auto_generate_is_deduped" time="0.164" /><testcase classname="tests.test_replenishment_batch3a" name="test_lifecycle_approve_and_receive" time="0.074"><skipped type="pytest.skip" message="No suggested rows to test lifecycle">/app/backend/tests/test_replenishment_batch3a.py:110: No suggested rows to test lifecycle</skipped></testcase><testcase classname="tests.test_replenishment_batch3a" name="test_manual_replenishment_flow_and_uniq_409" time="0.559" /><testcase classname="tests.test_replenishment_batch3a" name="test_illegal_transition_cancelled_to_received" time="0.375" /><testcase classname="tests.test_replenishment_batch3a" name="test_quick_add_dedup" time="0.076"><skipped type="pytest.skip" message="No low-stock items">/app/backend/tests/test_replenishment_batch3a.py:269: No low-stock items</skipped></testcase></testsuite></testsuites>