<?xml version="1.0" encoding="utf-8"?><testsuites name="pytest tests"><testsuite name="pytest" errors="0" failures="0" skipped="0" tests="47" time="11.478" timestamp="2026-09-15T12:18:56.370110+00:00" hostname="agent-env-2acde1de-dbd2-4e99-9a56-702ded689377"><testcase classname="tests.test_send_driver_multi_stop_ux.TestMultiStopUnit" name="test_pins_generated_per_drop" time="0.114" /><testcase classname="tests.test_send_phase_c_service_types.TestVehicleFilterEndpoint" name="test_vehicles_filtered_by_service_type[moto-expected0]" time="0.194" /><testcase classname="tests.test_send_driver_multi_stop_ux.TestMultiStopUnit" name="test_cannot_skip_pickup_1" time="0.000" /><testcase classname="tests.test_send_driver_multi_stop_ux.TestMultiStopUnit" name="test_cannot_skip_drop_before_pickup" time="0.000" /><testcase classname="tests.test_send_driver_multi_stop_ux.TestMultiStopUnit" name="test_wrong_pin_rejected" time="0.000" /><testcase classname="tests.test_send_driver_multi_stop_ux.TestMultiStopUnit" name="test_full_happy_path_cascades_to_delivered" time="0.000" /><testcase classname="tests.test_send_driver_multi_stop_ux.TestMultiStopUnit" name="test_cannot_replay_completed_leg" time="0.000" /><testcase classname="tests.test_send_driver_multi_stop_ux.TestMultiStopUnit" name="test_progress_summary_shape" time="0.000" /><testcase classname="tests.test_send_phase_f_driver_signup" name="test_kyc_vehicle_accepts_send_primary_codes[three_wheeler]" time="1.285" /><testcase classname="tests.test_send_phase_c_service_types.TestVehicleFilterEndpoint" name="test_vehicles_filtered_by_service_type[cargo-expected1]" time="0.189" /><testcase classname="tests.test_send_phase_c_service_types.TestVehicleFilterEndpoint" name="test_vehicles_filtered_by_service_type[fresh_products-expected2]" time="0.152" /><testcase classname="tests.test_send_phase_c_service_types.TestVehicleFilterEndpoint" name="test_vehicles_filtered_by_service_type[between_cities-expected3]" time="0.187" /><testcase classname="tests.test_send_phase_c_service_types.TestVehicleFilterEndpoint" name="test_vehicles_filtered_by_service_type[multiple_shipments-expected4]" time="0.149" /><testcase classname="tests.test_send_phase_c_service_types.TestVehicleFilterEndpoint" name="test_unfiltered_returns_full_catalogue" time="0.129" /><testcase classname="tests.test_send_phase_c_service_types.TestVehicleFilterEndpoint" name="test_unknown_service_type_400" time="0.171" /><testcase classname="tests.test_send_phase_b_capabilities.TestDriverCapabilities" name="test_empty_capabilities_on_signup" time="0.530" /><testcase classname="tests.test_send_phase_f_driver_signup" name="test_kyc_vehicle_accepts_send_primary_codes[truck]" time="1.343" /><testcase classname="tests.test_send_phase_b_capabilities.TestDriverCapabilities" name="test_replace_capabilities_writes_primary_and_mirrors_vehicle_type" time="0.701" /><testcase classname="tests.test_send_phase_b_capabilities.TestDriverCapabilities" name="test_idempotent_replace" time="0.740" /><testcase classname="tests.test_send_phase_f_driver_signup" name="test_kyc_vehicle_accepts_send_primary_codes[ref_tricycle]" time="1.749" /><testcase classname="tests.test_send_phase_b_capabilities.TestDriverCapabilities" name="test_unknown_code_rejected" time="0.576" /><testcase classname="tests.test_send_phase_b_capabilities.TestDriverCapabilities" name="test_primary_auto_added_when_missing_from_codes" time="1.024" /><testcase classname="tests.test_send_phase_f_driver_signup" name="test_kyc_vehicle_accepts_send_primary_codes[ref_utility]" time="1.338" /><testcase classname="tests.test_send_phase_e_multi_stop.TestMultiStopQuote" name="test_three_shipment_quote_includes_extra_surcharge" time="0.141" /><testcase classname="tests.test_send_phase_e_multi_stop.TestMultiStopQuote" name="test_single_shipment_no_surcharge" time="0.123" /><testcase classname="tests.test_send_phase_e_multi_stop.TestMultiStopQuote" name="test_empty_stops_rejected_by_schema" time="0.176" /><testcase classname="tests.test_send_phase_e_multi_stop.TestMultiStopQuote" name="test_too_many_stops_rejected" time="0.214" /><testcase classname="tests.test_send_driver_multi_stop_ux.TestStopsEnrichment" name="test_stops_are_enriched_with_sequence_and_pending_status" time="0.490" /><testcase classname="tests.test_send_phase_f_driver_signup" name="test_kyc_vehicle_accepts_send_primary_codes[ref_truck]" time="1.401" /><testcase classname="tests.test_send_driver_multi_stop_ux.TestStopsEnrichment" name="test_delivery_pin_is_stripped_from_customer_api" time="0.461" /><testcase classname="tests.test_send_driver_multi_stop_ux.TestStopsEnrichment" name="test_stops_progress_points_at_first_pickup" time="0.515" /><testcase classname="tests.test_send_driver_multi_stop_ux.TestStopsEnrichment" name="test_single_stop_booking_leaves_stops_progress_null" time="0.475" /><testcase classname="tests.test_send_phase_f_driver_signup" name="test_capabilities_and_kyc_stay_consistent" time="1.845" /><testcase classname="tests.test_send_phase_b_capabilities.TestVehicleCatalogue" name="test_ci_lists_eight_vehicles_with_refrigerated_flags" time="0.140" /><testcase classname="tests.test_send_phase_b_capabilities.TestVehicleCatalogue" name="test_french_labels_are_present" time="0.182" /><testcase classname="tests.test_send_phase_c_service_types.TestServiceCatalogueEndpoint" name="test_lists_all_five_services" time="0.161" /><testcase classname="tests.test_send_phase_c_service_types.TestServiceCatalogueEndpoint" name="test_no_cross_contamination" time="0.158" /><testcase classname="tests.test_send_phase_c_service_types.TestBookingCreationValidation" name="test_mismatched_service_and_vehicle_is_rejected" time="0.497" /><testcase classname="tests.test_send_phase_c_service_types.TestBookingCreationValidation" name="test_unknown_service_type_is_rejected" time="0.848" /><testcase classname="tests.test_send_phase_e_multi_stop.TestMultiStopBookingPersistence" name="test_stops_persisted_on_booking" time="0.471" /><testcase classname="tests.test_send_phase_d_between_cities" name="test_services_catalogue_between_cities_is_two_vehicles_only" time="0.167" /><testcase classname="tests.test_send_phase_d_between_cities" name="test_vehicles_endpoint_between_cities_filters_correctly" time="0.157" /><testcase classname="tests.test_send_phase_e_multi_stop.TestMultiStopBookingPersistence" name="test_head_mismatch_rejected" time="0.504" /><testcase classname="tests.test_send_driver_multi_stop_ux.TestStopAdvanceAuth" name="test_stop_advance_requires_driver_jwt" time="0.713" /><testcase classname="tests.test_send_phase_e_multi_stop.TestMultiStopBookingPersistence" name="test_single_shipment_booking_leaves_stops_null" time="0.584" /><testcase classname="tests.test_send_driver_multi_stop_ux.TestStopAdvanceAuth" name="test_stop_advance_rejects_customer_token" time="0.694" /><testcase classname="tests.test_send_phase_b_capabilities.TestAuthGuard" name="test_capabilities_require_auth" time="0.349" /></testsuite></testsuites>