<?xml version="1.0" encoding="utf-8"?><testsuites name="pytest tests"><testsuite name="pytest" errors="0" failures="0" skipped="0" tests="13" time="2.111" timestamp="2026-09-03T13:20:41.408758+00:00" hostname="agent-env-2acde1de-dbd2-4e99-9a56-702ded689377"><testcase classname="tests.test_shop_admin_phase2.TestAttributes" name="test_list_shop_attributes" time="0.478" /><testcase classname="tests.test_shop_admin_phase2.TestAttributes" name="test_mode_femme_has_colour_size_assignments" time="0.155" /><testcase classname="tests.test_shop_admin_phase2.TestCatalog" name="test_list_categories" time="0.631" /><testcase classname="tests.test_shop_admin_phase2.TestCatalog" name="test_category_crud_roundtrip" time="0.675" /><testcase classname="tests.test_shop_admin_phase2.TestAttributes" name="test_attribute_create_and_soft_delete" time="0.188" /><testcase classname="tests.test_shop_admin_phase2.TestAttributes" name="test_assignment_toggle_roundtrip" time="0.520" /><testcase classname="tests.test_shop_admin_phase2.TestCatalog" name="test_delete_category_in_use_returns_409" time="0.164" /><testcase classname="tests.test_shop_admin_phase2.TestApprovals" name="test_buckets_and_approved_count" time="0.139" /><testcase classname="tests.test_shop_admin_phase2.TestMartRegression" name="test_mart_attributes_still_lists" time="0.123" /><testcase classname="tests.test_shop_admin_phase2.TestApprovals" name="test_detail_drawer_shape" time="0.152" /><testcase classname="tests.test_shop_admin_phase2.TestMartRegression" name="test_mart_categories_still_lists" time="0.089" /><testcase classname="tests.test_shop_admin_phase2.TestProducts" name="test_admin_products_list" time="0.113" /><testcase classname="tests.test_shop_admin_phase2.TestMartRegression" name="test_mart_product_requests_still_lists" time="0.086" /></testsuite></testsuites>