<?xml version="1.0" encoding="utf-8"?><testsuites name="pytest tests"><testsuite name="pytest" errors="0" failures="0" skipped="0" tests="9" time="50.285" timestamp="2026-08-19T13:14:18.385887+00:00" hostname="agent-env-2acde1de-dbd2-4e99-9a56-702ded689377"><testcase classname="tests.test_driver_wallet" name="test_01_fresh_driver_zero_balance" time="3.087" /><testcase classname="tests.test_driver_wallet" name="test_02_delivery_credits_ledger_and_idempotent" time="1.811" /><testcase classname="tests.test_driver_wallet" name="test_03_dashboard_sources_from_ledger" time="0.165" /><testcase classname="tests.test_driver_wallet" name="test_04_withdrawal_below_minimum" time="0.134" /><testcase classname="tests.test_driver_wallet" name="test_05_withdrawal_insufficient_balance" time="0.145" /><testcase classname="tests.test_driver_wallet" name="test_06_withdrawal_success_reduces_balance" time="33.412" /><testcase classname="tests.test_driver_wallet" name="test_07_withdrawal_pending_blocks_second" time="5.319" /><testcase classname="tests.test_driver_wallet" name="test_08_list_withdrawals_newest_first" time="5.332" /><testcase classname="tests.test_driver_wallet" name="test_09_bank_missing_branch" time="0.469" /></testsuite></testsuites>