<?xml version="1.0" encoding="utf-8"?><testsuites name="pytest tests"><testsuite name="pytest" errors="0" failures="0" skipped="0" tests="18" time="15.162" timestamp="2026-08-19T14:33:30.417921+00:00" hostname="agent-env-2acde1de-dbd2-4e99-9a56-702ded689377"><testcase classname="tests.test_driver_chat.TestShareToken" name="test_dispatch_returns_share_token" time="2.178" /><testcase classname="tests.test_driver_chat.TestDriverMessages" name="test_get_returns_presets_and_status" time="0.308" /><testcase classname="tests.test_driver_chat.TestDriverMessages" name="test_send_preset_canonicalises_text" time="0.261" /><testcase classname="tests.test_driver_chat.TestDriverMessages" name="test_send_freetext_null_preset" time="0.270" /><testcase classname="tests.test_driver_chat.TestDriverMessages" name="test_empty_message_400" time="0.277" /><testcase classname="tests.test_driver_chat.TestDriverMessages" name="test_unknown_preset_400" time="0.267" /><testcase classname="tests.test_driver_chat.TestDriverMessages" name="test_message_too_long_400" time="0.292" /><testcase classname="tests.test_driver_chat.TestDriverMessages" name="test_ownership_404" time="3.099" /><testcase classname="tests.test_driver_chat.TestPublicTrack" name="test_missing_token_401_or_422" time="0.244" /><testcase classname="tests.test_driver_chat.TestPublicTrack" name="test_wrong_token_404" time="0.235" /><testcase classname="tests.test_driver_chat.TestPublicTrack" name="test_correct_token_safe_subset" time="0.260" /><testcase classname="tests.test_driver_chat.TestPublicTrack" name="test_public_send_customer_preset" time="0.254" /><testcase classname="tests.test_driver_chat.TestPublicTrack" name="test_public_unknown_preset_400" time="0.292" /><testcase classname="tests.test_driver_chat.TestPublicTrack" name="test_public_driver_preset_rejected" time="0.272" /><testcase classname="tests.test_driver_chat.TestPolling" name="test_driver_after_returns_only_newer" time="1.718" /><testcase classname="tests.test_driver_chat.TestPolling" name="test_bad_after_returns_everything_no_500" time="0.428" /><testcase classname="tests.test_driver_chat.TestPolling" name="test_public_after_incremental" time="1.669" /><testcase classname="tests.test_driver_chat.TestTerminalGuards" name="test_chat_closed_after_delivered" time="2.752" /></testsuite></testsuites>