<?xml version="1.0" encoding="utf-8"?><testsuites name="pytest tests"><testsuite name="pytest" errors="0" failures="0" skipped="0" tests="5" time="4.984" timestamp="2026-08-19T12:47:47.182335+00:00" hostname="agent-env-2acde1de-dbd2-4e99-9a56-702ded689377"><testcase classname="tests.test_driver_slice2_lifecycle" name="test_01_admin_approve" time="3.226" /><testcase classname="tests.test_driver_slice2_lifecycle" name="test_02_go_online" time="0.149" /><testcase classname="tests.test_driver_slice2_lifecycle" name="test_03_dispatch_and_accept" time="0.384" /><testcase classname="tests.test_driver_slice2_lifecycle" name="test_04_pickup_flow" time="0.575" /><testcase classname="tests.test_driver_slice2_lifecycle" name="test_05_dropoff_flow" time="0.576" /></testsuite></testsuites>