<?xml version="1.0" encoding="utf-8"?><testsuites name="pytest tests"><testsuite name="pytest" errors="0" failures="0" skipped="0" tests="14" time="3.285" timestamp="2026-08-19T14:08:54.168622+00:00" hostname="agent-env-2acde1de-dbd2-4e99-9a56-702ded689377"><testcase classname="tests.test_admin_driver_payouts.TestAdminListWithdrawals" name="test_requires_admin" time="0.216" /><testcase classname="tests.test_admin_driver_payouts.TestAdminListWithdrawals" name="test_list_shape" time="0.494" /><testcase classname="tests.test_admin_driver_payouts.TestAdminListWithdrawals" name="test_newest_first" time="0.142" /><testcase classname="tests.test_admin_driver_payouts.TestAdminListWithdrawals" name="test_status_filter" time="0.127" /><testcase classname="tests.test_admin_driver_payouts.TestAdminListWithdrawals" name="test_country_filter" time="0.164" /><testcase classname="tests.test_admin_driver_payouts.TestAdminListWithdrawals" name="test_q_filter_by_name" time="0.337" /><testcase classname="tests.test_admin_driver_payouts.TestAdminListWithdrawals" name="test_buckets_unaffected_by_q" time="0.308" /><testcase classname="tests.test_admin_driver_payouts.TestMarkPaidAndFailed" name="test_mark_paid_happy" time="0.237" /><testcase classname="tests.test_admin_driver_payouts.TestMarkPaidAndFailed" name="test_mark_paid_again_returns_409" time="0.160" /><testcase classname="tests.test_admin_driver_payouts.TestMarkPaidAndFailed" name="test_mark_failed_happy_and_note_stored" time="0.161" /><testcase classname="tests.test_admin_driver_payouts.TestMarkPaidAndFailed" name="test_mark_failed_on_failed_returns_409" time="0.133" /><testcase classname="tests.test_admin_driver_payouts.TestMarkPaidAndFailed" name="test_mark_failed_empty_note_stored_as_null" time="0.165" /><testcase classname="tests.test_admin_driver_payouts.TestMarkPaidAndFailed" name="test_mark_paid_on_failed_returns_409" time="0.144" /><testcase classname="tests.test_admin_driver_payouts.TestBalanceRecompute" name="test_available_balance_restored_after_mark_failed" time="0.421" /></testsuite></testsuites>