<?xml version="1.0" encoding="utf-8"?><testsuites name="pytest tests"><testsuite name="pytest" errors="0" failures="1" skipped="0" tests="11" time="5.114" timestamp="2026-08-04T13:53:50.044782+00:00" hostname="agent-env-2acde1de-dbd2-4e99-9a56-702ded689377"><testcase classname="tests.test_slice8_allocation.TestPartnerPricingOverlay" name="test_products_have_partner_price_and_flags" time="0.209" /><testcase classname="tests.test_slice8_allocation.TestPartnerPricingOverlay" name="test_unstocked_product_flagged" time="0.059" /><testcase classname="tests.test_slice8_allocation.TestCartOverlay" name="test_cart_uses_partner_price_and_lists_unavailable" time="0.431" /><testcase classname="tests.test_slice8_allocation.TestComingSoon" name="test_pasteque_only_cart_rejects_checkout" time="0.406" /><testcase classname="tests.test_slice8_allocation.TestAllocationEngine" name="test_two_partner_orders_created" time="0.497" /><testcase classname="tests.test_slice8_allocation.TestAllocationEngine" name="test_consolidation_baguette_routes_to_alpha" time="0.000" /><testcase classname="tests.test_slice8_allocation.TestAllocationEngine" name="test_order_items_carry_partner_ids" time="0.069" /><testcase classname="tests.test_slice8_allocation.TestStockLifecycle" name="test_stock_decrement_on_checkout_and_restore_on_cancel" time="1.032" /><testcase classname="tests.test_slice8_allocation.TestPartnerOrdersSlice" name="test_partner_sees_only_own_slice" time="0.704" /><testcase classname="tests.test_slice8_allocation.TestWalletCreditFromSlice" name="test_handoff_credits_slice_subtotal_net_commission" time="0.787"><failure message="AssertionError: wallet credit 2520.0 should ≈ 90% of slice subtotal 3150.0 (expected 2835.0)&#10;assert 315.0 &lt; 1.0&#10; +  where 315.0 = abs((2520.0 - 2835.0))">E   AssertionError: wallet credit 2520.0 should ≈ 90% of slice subtotal 3150.0 (expected 2835.0)
    assert 315.0 &lt; 1.0
     +  where 315.0 = abs((2520.0 - 2835.0))</failure></testcase><testcase classname="tests.test_slice8_allocation.TestWalletCreditFromSlice" name="test_invalid_transition_returns_409" time="0.866" /></testsuite></testsuites>