<?xml version="1.0" encoding="utf-8"?><testsuites name="pytest tests"><testsuite name="pytest" errors="0" failures="0" skipped="0" tests="12" time="56.944" timestamp="2026-08-19T15:36:46.953442+00:00" hostname="agent-env-2acde1de-dbd2-4e99-9a56-702ded689377"><testcase classname="tests.test_realtime_ws.TestAuthGuards" name="test_driver_ws_no_token_rejected" time="2.731" /><testcase classname="tests.test_realtime_ws.TestAuthGuards" name="test_driver_ws_malformed_jwt_rejected" time="0.242" /><testcase classname="tests.test_realtime_ws.TestAuthGuards" name="test_driver_ws_wrong_role_admin_token_rejected" time="0.265" /><testcase classname="tests.test_realtime_ws.TestAuthGuards" name="test_driver_ws_wrong_driver_rejected" time="2.942" /><testcase classname="tests.test_realtime_ws.TestAuthGuards" name="test_customer_ws_no_t_rejected" time="0.215" /><testcase classname="tests.test_realtime_ws.TestAuthGuards" name="test_customer_ws_wrong_token_rejected" time="0.216" /><testcase classname="tests.test_realtime_ws.TestAuthGuards" name="test_driver_ws_terminal_job_rejected" time="3.172" /><testcase classname="tests.test_realtime_ws.TestBroadcast" name="test_customer_receives_hello_then_driver_location" time="1.582" /><testcase classname="tests.test_realtime_ws.TestBroadcast" name="test_cross_job_isolation" time="2.659" /><testcase classname="tests.test_realtime_ws.TestThrottledWrite" name="test_five_rapid_frames_writes_once" time="15.388" /><testcase classname="tests.test_realtime_ws.TestHeartbeatAndTolerance" name="test_customer_gets_ping_within_30s" time="25.294" /><testcase classname="tests.test_realtime_ws.TestHeartbeatAndTolerance" name="test_malformed_location_ignored_socket_stays_open" time="2.182" /></testsuite></testsuites>