<?xml version="1.0" encoding="utf-8"?><testsuites name="pytest tests"><testsuite name="pytest" errors="0" failures="0" skipped="0" tests="14" time="2.769" timestamp="2026-08-13T08:13:41.747481+00:00" hostname="agent-env-2acde1de-dbd2-4e99-9a56-702ded689377"><testcase classname="tests.test_store_transfers" name="test_list_and_buckets" time="0.577" /><testcase classname="tests.test_store_transfers" name="test_source_inventory_names_not_untitled" time="0.112" /><testcase classname="tests.test_store_transfers" name="test_same_src_dst_rejected" time="0.047" /><testcase classname="tests.test_store_transfers" name="test_foreign_product_rejected" time="0.096" /><testcase classname="tests.test_store_transfers" name="test_created_appears_in_requested" time="0.108" /><testcase classname="tests.test_store_transfers" name="test_approve" time="0.058" /><testcase classname="tests.test_store_transfers" name="test_double_approve_rejected" time="0.044" /><testcase classname="tests.test_store_transfers" name="test_receive_before_dispatch_rejected" time="0.049" /><testcase classname="tests.test_store_transfers" name="test_dispatch" time="0.178" /><testcase classname="tests.test_store_transfers" name="test_receive_and_destination_incremented" time="0.161" /><testcase classname="tests.test_store_transfers" name="test_movements_written" time="0.052" /><testcase classname="tests.test_store_transfers" name="test_approve_already_received_rejected" time="0.050" /><testcase classname="tests.test_store_transfers" name="test_over_dispatch_rolls_back" time="0.262" /><testcase classname="tests.test_store_transfers" name="test_cancel_in_transit_returns_stock" time="0.441" /></testsuite></testsuites>