<?xml version="1.0" encoding="utf-8"?><testsuites name="pytest tests"><testsuite name="pytest" errors="0" failures="0" skipped="0" tests="14" time="6.941" timestamp="2026-07-29T12:16:38.247527+00:00" hostname="agent-env-2acde1de-dbd2-4e99-9a56-702ded689377"><testcase classname="tests.test_admin_express_overview.TestExpressBookingsList" name="test_list_default" time="0.731" /><testcase classname="tests.test_admin_express_overview.TestExpressStats" name="test_stats_shape" time="0.794" /><testcase classname="tests.test_admin_express_overview.TestExpressBookingsList" name="test_status_filter_searching" time="0.056" /><testcase classname="tests.test_admin_express_overview.TestExpressBookingsList" name="test_status_filter_active_family" time="0.048" /><testcase classname="tests.test_admin_express_overview.TestExpressStats" name="test_unauth_stats_401" time="0.142" /><testcase classname="tests.test_admin_express_overview.TestExpressBookingsList" name="test_status_filter_delivered" time="0.053" /><testcase classname="tests.test_admin_express_overview.TestExpressBookingsList" name="test_status_any_returns_all" time="0.098" /><testcase classname="tests.test_admin_express_overview.TestExpressBookingsList" name="test_status_filter_unknown_returns_400" time="0.046" /><testcase classname="tests.test_admin_express_overview.TestExpressBookingsList" name="test_country_ci" time="0.054" /><testcase classname="tests.test_admin_express_overview.TestExpressBookingsList" name="test_country_lr" time="0.048" /><testcase classname="tests.test_admin_express_overview.TestExpressBookingsList" name="test_country_invalid_empty" time="0.088" /><testcase classname="tests.test_admin_express_overview.TestExpressStats" name="test_live_kpis_increment_after_booking" time="5.418" /><testcase classname="tests.test_admin_express_overview.TestExpressBookingsList" name="test_search_by_ref_and_receiver" time="0.479" /><testcase classname="tests.test_admin_express_overview.TestExpressBookingsList" name="test_unauth_bookings_401" time="0.107" /></testsuite></testsuites>