<?xml version="1.0" encoding="utf-8"?><testsuites name="pytest tests"><testsuite name="pytest" errors="0" failures="0" skipped="0" tests="8" time="2.144" timestamp="2026-08-24T08:46:25.972131+00:00" hostname="agent-env-2acde1de-dbd2-4e99-9a56-702ded689377"><testcase classname="tests.test_supplier_warehouses" name="test_list_shape_and_eligible" time="0.619" /><testcase classname="tests.test_supplier_warehouses" name="test_assign_warehouse_creates_row" time="0.118" /><testcase classname="tests.test_supplier_warehouses" name="test_idempotent_reassign_updates_row" time="0.117" /><testcase classname="tests.test_supplier_warehouses" name="test_one_primary_rule" time="0.174" /><testcase classname="tests.test_supplier_warehouses" name="test_cross_country_denied" time="0.299" /><testcase classname="tests.test_supplier_warehouses" name="test_unassign_returns_204_and_removes" time="0.123" /><testcase classname="tests.test_supplier_warehouses" name="test_unassign_missing_row_404" time="0.056" /><testcase classname="tests.test_supplier_warehouses" name="test_audit_trail_written" time="0.243" /></testsuite></testsuites>