<?xml version="1.0" encoding="utf-8"?><testsuites name="pytest tests"><testsuite name="pytest" errors="0" failures="0" skipped="0" tests="5" time="2.350" timestamp="2026-08-24T08:11:43.813422+00:00" hostname="agent-env-2acde1de-dbd2-4e99-9a56-702ded689377"><testcase classname="tests.test_warehouse_category_defaults" name="test_list_category_defaults_shape" time="0.664" /><testcase classname="tests.test_warehouse_category_defaults" name="test_upsert_and_clear_category_default" time="0.797" /><testcase classname="tests.test_warehouse_category_defaults" name="test_upsert_rejects_zone_from_other_warehouse" time="0.259" /><testcase classname="tests.test_warehouse_category_defaults" name="test_partner_products_include_primary_location" time="0.123" /><testcase classname="tests.test_warehouse_category_defaults" name="test_partner_products_missing_location_returns_none" time="0.163" /></testsuite></testsuites>